<?xml version="1.0" encoding="UTF-8"?>
<coverage generated="1560700467017" clover="3.2.0">
  <project timestamp="1560700467018" name="All files">
    <metrics statements="218" coveredstatements="218" conditionals="54" coveredconditionals="41" methods="60" coveredmethods="60" elements="332" coveredelements="319" complexity="0" loc="218" ncloc="218" packages="4" files="20" classes="20"/>
    <package name="solid-css">
      <metrics statements="53" coveredstatements="53" conditionals="7" coveredconditionals="6" methods="10" coveredmethods="10"/>
      <file name="index.ts" path="/home/dario/Personal/solid-css/index.ts">
        <metrics statements="53" coveredstatements="53" conditionals="7" coveredconditionals="6" methods="10" coveredmethods="10"/>
        <line num="1" count="1" type="stmt"/>
        <line num="2" count="1" type="stmt"/>
        <line num="3" count="1" type="stmt"/>
        <line num="4" count="1" type="stmt"/>
        <line num="5" count="1" type="stmt"/>
        <line num="6" count="1" type="stmt"/>
        <line num="7" count="1" type="stmt"/>
        <line num="8" count="1" type="stmt"/>
        <line num="9" count="1" type="stmt"/>
        <line num="10" count="1" type="stmt"/>
        <line num="11" count="1" type="stmt"/>
        <line num="12" count="1" type="stmt"/>
        <line num="13" count="1" type="stmt"/>
        <line num="14" count="1" type="stmt"/>
        <line num="15" count="1" type="stmt"/>
        <line num="16" count="1" type="stmt"/>
        <line num="19" count="1" type="stmt"/>
        <line num="20" count="1" type="stmt"/>
        <line num="21" count="1" type="stmt"/>
        <line num="22" count="1" type="stmt"/>
        <line num="24" count="1" type="stmt"/>
        <line num="35" count="1" type="cond" truecount="2" falsecount="0"/>
        <line num="36" count="1" type="stmt"/>
        <line num="53" count="1" type="stmt"/>
        <line num="54" count="1" type="stmt"/>
        <line num="64" count="1" type="stmt"/>
        <line num="67" count="1" type="stmt"/>
        <line num="68" count="1" type="stmt"/>
        <line num="69" count="1" type="stmt"/>
        <line num="70" count="1" type="stmt"/>
        <line num="71" count="1" type="stmt"/>
        <line num="76" count="1" type="stmt"/>
        <line num="78" count="1" type="stmt"/>
        <line num="86" count="2" type="stmt"/>
        <line num="87" count="2" type="stmt"/>
        <line num="90" count="30" type="stmt"/>
        <line num="91" count="30" type="stmt"/>
        <line num="92" count="30" type="stmt"/>
        <line num="104" count="1" type="stmt"/>
        <line num="105" count="2" type="cond" truecount="1" falsecount="0"/>
        <line num="106" count="2" type="stmt"/>
        <line num="107" count="2" type="cond" truecount="1" falsecount="1"/>
        <line num="118" count="1" type="stmt"/>
        <line num="121" count="1" type="stmt"/>
        <line num="124" count="13" type="cond" truecount="2" falsecount="0"/>
        <line num="125" count="12" type="stmt"/>
        <line num="126" count="12" type="stmt"/>
        <line num="131" count="1" type="stmt"/>
        <line num="134" count="12" type="stmt"/>
        <line num="135" count="12" type="stmt"/>
        <line num="140" count="1" type="stmt"/>
        <line num="142" count="1" type="stmt"/>
        <line num="144" count="1" type="stmt"/>
      </file>
    </package>
    <package name="solid-css.components">
      <metrics statements="60" coveredstatements="60" conditionals="0" coveredconditionals="0" methods="15" coveredmethods="15"/>
      <file name="border.ts" path="/home/dario/Personal/solid-css/components/border.ts">
        <metrics statements="4" coveredstatements="4" conditionals="0" coveredconditionals="0" methods="1" coveredmethods="1"/>
        <line num="1" count="1" type="stmt"/>
        <line num="4" count="1" type="stmt"/>
        <line num="37" count="1" type="stmt"/>
        <line num="39" count="1" type="stmt"/>
      </file>
      <file name="color.ts" path="/home/dario/Personal/solid-css/components/color.ts">
        <metrics statements="4" coveredstatements="4" conditionals="0" coveredconditionals="0" methods="1" coveredmethods="1"/>
        <line num="1" count="1" type="stmt"/>
        <line num="4" count="1" type="stmt"/>
        <line num="11" count="1" type="stmt"/>
        <line num="13" count="1" type="stmt"/>
      </file>
      <file name="container.ts" path="/home/dario/Personal/solid-css/components/container.ts">
        <metrics statements="4" coveredstatements="4" conditionals="0" coveredconditionals="0" methods="1" coveredmethods="1"/>
        <line num="1" count="1" type="stmt"/>
        <line num="3" count="1" type="stmt"/>
        <line num="20" count="1" type="stmt"/>
        <line num="22" count="1" type="stmt"/>
      </file>
      <file name="display.ts" path="/home/dario/Personal/solid-css/components/display.ts">
        <metrics statements="4" coveredstatements="4" conditionals="0" coveredconditionals="0" methods="1" coveredmethods="1"/>
        <line num="1" count="1" type="stmt"/>
        <line num="3" count="1" type="stmt"/>
        <line num="16" count="1" type="stmt"/>
        <line num="18" count="1" type="stmt"/>
      </file>
      <file name="flex.ts" path="/home/dario/Personal/solid-css/components/flex.ts">
        <metrics statements="4" coveredstatements="4" conditionals="0" coveredconditionals="0" methods="1" coveredmethods="1"/>
        <line num="1" count="1" type="stmt"/>
        <line num="3" count="1" type="stmt"/>
        <line num="27" count="1" type="stmt"/>
        <line num="29" count="1" type="stmt"/>
      </file>
      <file name="height.ts" path="/home/dario/Personal/solid-css/components/height.ts">
        <metrics statements="4" coveredstatements="4" conditionals="0" coveredconditionals="0" methods="1" coveredmethods="1"/>
        <line num="1" count="1" type="stmt"/>
        <line num="3" count="1" type="stmt"/>
        <line num="20" count="1" type="stmt"/>
        <line num="22" count="1" type="stmt"/>
      </file>
      <file name="margin.ts" path="/home/dario/Personal/solid-css/components/margin.ts">
        <metrics statements="4" coveredstatements="4" conditionals="0" coveredconditionals="0" methods="1" coveredmethods="1"/>
        <line num="1" count="1" type="stmt"/>
        <line num="3" count="1" type="stmt"/>
        <line num="28" count="1" type="stmt"/>
        <line num="30" count="1" type="stmt"/>
      </file>
      <file name="opacity.ts" path="/home/dario/Personal/solid-css/components/opacity.ts">
        <metrics statements="4" coveredstatements="4" conditionals="0" coveredconditionals="0" methods="1" coveredmethods="1"/>
        <line num="1" count="1" type="stmt"/>
        <line num="3" count="1" type="stmt"/>
        <line num="9" count="1" type="stmt"/>
        <line num="11" count="1" type="stmt"/>
      </file>
      <file name="overflow.ts" path="/home/dario/Personal/solid-css/components/overflow.ts">
        <metrics statements="4" coveredstatements="4" conditionals="0" coveredconditionals="0" methods="1" coveredmethods="1"/>
        <line num="1" count="1" type="stmt"/>
        <line num="3" count="1" type="stmt"/>
        <line num="20" count="1" type="stmt"/>
        <line num="22" count="1" type="stmt"/>
      </file>
      <file name="padding.ts" path="/home/dario/Personal/solid-css/components/padding.ts">
        <metrics statements="4" coveredstatements="4" conditionals="0" coveredconditionals="0" methods="1" coveredmethods="1"/>
        <line num="1" count="1" type="stmt"/>
        <line num="3" count="1" type="stmt"/>
        <line num="28" count="1" type="stmt"/>
        <line num="30" count="1" type="stmt"/>
      </file>
      <file name="position.ts" path="/home/dario/Personal/solid-css/components/position.ts">
        <metrics statements="4" coveredstatements="4" conditionals="0" coveredconditionals="0" methods="1" coveredmethods="1"/>
        <line num="1" count="1" type="stmt"/>
        <line num="3" count="1" type="stmt"/>
        <line num="31" count="1" type="stmt"/>
        <line num="33" count="1" type="stmt"/>
      </file>
      <file name="shadow.ts" path="/home/dario/Personal/solid-css/components/shadow.ts">
        <metrics statements="4" coveredstatements="4" conditionals="0" coveredconditionals="0" methods="1" coveredmethods="1"/>
        <line num="1" count="1" type="stmt"/>
        <line num="4" count="1" type="stmt"/>
        <line num="10" count="1" type="stmt"/>
        <line num="12" count="1" type="stmt"/>
      </file>
      <file name="text.ts" path="/home/dario/Personal/solid-css/components/text.ts">
        <metrics statements="4" coveredstatements="4" conditionals="0" coveredconditionals="0" methods="1" coveredmethods="1"/>
        <line num="1" count="1" type="stmt"/>
        <line num="3" count="1" type="stmt"/>
        <line num="21" count="1" type="stmt"/>
        <line num="23" count="1" type="stmt"/>
      </file>
      <file name="width.ts" path="/home/dario/Personal/solid-css/components/width.ts">
        <metrics statements="4" coveredstatements="4" conditionals="0" coveredconditionals="0" methods="1" coveredmethods="1"/>
        <line num="1" count="1" type="stmt"/>
        <line num="3" count="1" type="stmt"/>
        <line num="20" count="1" type="stmt"/>
        <line num="22" count="1" type="stmt"/>
      </file>
      <file name="zindex.ts" path="/home/dario/Personal/solid-css/components/zindex.ts">
        <metrics statements="4" coveredstatements="4" conditionals="0" coveredconditionals="0" methods="1" coveredmethods="1"/>
        <line num="1" count="1" type="stmt"/>
        <line num="3" count="1" type="stmt"/>
        <line num="9" count="1" type="stmt"/>
        <line num="11" count="1" type="stmt"/>
      </file>
    </package>
    <package name="solid-css.libs">
      <metrics statements="75" coveredstatements="75" conditionals="22" coveredconditionals="19" methods="27" coveredmethods="27"/>
      <file name="component.ts" path="/home/dario/Personal/solid-css/libs/component.ts">
        <metrics statements="50" coveredstatements="50" conditionals="6" coveredconditionals="6" methods="18" coveredmethods="18"/>
        <line num="1" count="2" type="stmt"/>
        <line num="2" count="2" type="stmt"/>
        <line num="4" count="2" type="stmt"/>
        <line num="6" count="2" type="stmt"/>
        <line num="20" count="22" type="cond" truecount="2" falsecount="0"/>
        <line num="21" count="20" type="cond" truecount="2" falsecount="0"/>
        <line num="22" count="20" type="stmt"/>
        <line num="23" count="20" type="stmt"/>
        <line num="24" count="20" type="stmt"/>
        <line num="25" count="20" type="stmt"/>
        <line num="26" count="20" type="stmt"/>
        <line num="34" count="64" type="stmt"/>
        <line num="35" count="64" type="stmt"/>
        <line num="38" count="285" type="stmt"/>
        <line num="39" count="285" type="stmt"/>
        <line num="40" count="285" type="stmt"/>
        <line num="51" count="64" type="stmt"/>
        <line num="52" count="38279" type="cond" truecount="2" falsecount="0"/>
        <line num="54" count="64" type="stmt"/>
        <line num="57" count="379" type="stmt"/>
        <line num="58" count="38279" type="stmt"/>
        <line num="66" count="379" type="stmt"/>
        <line num="67" count="379" type="stmt"/>
        <line num="78" count="64" type="stmt"/>
        <line num="79" count="64" type="stmt"/>
        <line num="82" count="25" type="stmt"/>
        <line num="83" count="25" type="stmt"/>
        <line num="84" count="25" type="stmt"/>
        <line num="86" count="13" type="stmt"/>
        <line num="97" count="64" type="stmt"/>
        <line num="98" count="64" type="stmt"/>
        <line num="101" count="1" type="stmt"/>
        <line num="102" count="101" type="stmt"/>
        <line num="103" count="101" type="stmt"/>
        <line num="109" count="101" type="stmt"/>
        <line num="112" count="1" type="stmt"/>
        <line num="123" count="2" type="stmt"/>
        <line num="126" count="64" type="stmt"/>
        <line num="127" count="64" type="stmt"/>
        <line num="128" count="64" type="stmt"/>
        <line num="129" count="64" type="stmt"/>
        <line num="131" count="64" type="stmt"/>
        <line num="139" count="2" type="stmt"/>
        <line num="142" count="34" type="stmt"/>
        <line num="143" count="34" type="stmt"/>
        <line num="145" count="34" type="stmt"/>
        <line num="153" count="2" type="stmt"/>
        <line num="154" count="30" type="stmt"/>
        <line num="156" count="2" type="stmt"/>
        <line num="158" count="2" type="stmt"/>
      </file>
      <file name="css.ts" path="/home/dario/Personal/solid-css/libs/css.ts">
        <metrics statements="22" coveredstatements="22" conditionals="16" coveredconditionals="13" methods="8" coveredmethods="8"/>
        <line num="2" count="2" type="stmt"/>
        <line num="3" count="2" type="stmt"/>
        <line num="5" count="2" type="stmt"/>
        <line num="13" count="42" type="cond" truecount="1" falsecount="1"/>
        <line num="19" count="21" type="stmt"/>
        <line num="31" count="2" type="stmt"/>
        <line num="32" count="97752" type="cond" truecount="6" falsecount="0"/>
        <line num="41" count="2" type="stmt"/>
        <line num="42" count="25" type="stmt"/>
        <line num="52" count="35" type="stmt"/>
        <line num="53" count="35" type="stmt"/>
        <line num="56" count="19560" type="cond" truecount="2" falsecount="0"/>
        <line num="57" count="12" type="stmt"/>
        <line num="59" count="12" type="cond" truecount="1" falsecount="1"/>
        <line num="60" count="14" type="cond" truecount="1" falsecount="1"/>
        <line num="61" count="12" type="cond" truecount="2" falsecount="0"/>
        <line num="63" count="12" type="stmt"/>
        <line num="65" count="97740" type="stmt"/>
        <line num="66" count="97740" type="stmt"/>
        <line num="69" count="19560" type="stmt"/>
        <line num="74" count="2" type="stmt"/>
        <line num="76" count="2" type="stmt"/>
      </file>
      <file name="regex.ts" path="/home/dario/Personal/solid-css/libs/regex.ts">
        <metrics statements="3" coveredstatements="3" conditionals="0" coveredconditionals="0" methods="1" coveredmethods="1"/>
        <line num="14" count="2" type="stmt"/>
        <line num="24" count="39" type="stmt"/>
        <line num="28" count="2" type="stmt"/>
      </file>
    </package>
    <package name="solid-css.various">
      <metrics statements="30" coveredstatements="30" conditionals="25" coveredconditionals="16" methods="8" coveredmethods="8"/>
      <file name="utils.ts" path="/home/dario/Personal/solid-css/various/utils.ts">
        <metrics statements="30" coveredstatements="30" conditionals="25" coveredconditionals="16" methods="8" coveredmethods="8"/>
        <line num="1" count="1" type="stmt"/>
        <line num="2" count="1" type="stmt"/>
        <line num="3" count="1" type="stmt"/>
        <line num="4" count="1" type="stmt"/>
        <line num="9" count="2" type="stmt"/>
        <line num="11" count="2" type="stmt"/>
        <line num="12" count="2" type="stmt"/>
        <line num="13" count="2" type="cond" truecount="1" falsecount="1"/>
        <line num="16" count="2" type="stmt"/>
        <line num="18" count="2" type="stmt"/>
        <line num="21" count="1" type="stmt"/>
        <line num="24" count="2" type="cond" truecount="1" falsecount="0"/>
        <line num="25" count="2" type="stmt"/>
        <line num="27" count="2" type="stmt"/>
        <line num="28" count="2" type="cond" truecount="1" falsecount="1"/>
        <line num="29" count="2" type="stmt"/>
        <line num="30" count="2" type="stmt"/>
        <line num="34" count="2" type="stmt"/>
        <line num="37" count="1" type="stmt"/>
        <line num="38" count="27" type="stmt"/>
        <line num="40" count="27" type="cond" truecount="1" falsecount="1"/>
        <line num="41" count="27" type="cond" truecount="2" falsecount="0"/>
        <line num="42" count="27" type="cond" truecount="1" falsecount="1"/>
        <line num="43" count="27" type="cond" truecount="1" falsecount="1"/>
        <line num="45" count="27" type="cond" truecount="1" falsecount="1"/>
        <line num="46" count="27" type="cond" truecount="2" falsecount="0"/>
        <line num="47" count="27" type="cond" truecount="1" falsecount="1"/>
        <line num="48" count="27" type="cond" truecount="1" falsecount="1"/>
        <line num="50" count="27" type="stmt"/>
        <line num="53" count="2" type="cond" truecount="3" falsecount="1"/>
      </file>
    </package>
  </project>
</coverage>
