{"/home/dario/Personal/@queelag/css/src/index.ts": {"path":"/home/dario/Personal/@queelag/css/src/index.ts","statementMap":{"0":{"start":{"line":1,"column":0},"end":{"line":1,"column":25}},"1":{"start":{"line":2,"column":0},"end":{"line":2,"column":41}},"2":{"start":{"line":3,"column":0},"end":{"line":3,"column":40}},"3":{"start":{"line":4,"column":0},"end":{"line":4,"column":38}},"4":{"start":{"line":5,"column":0},"end":{"line":5,"column":46}},"5":{"start":{"line":6,"column":0},"end":{"line":6,"column":42}},"6":{"start":{"line":7,"column":0},"end":{"line":7,"column":36}},"7":{"start":{"line":8,"column":0},"end":{"line":8,"column":40}},"8":{"start":{"line":9,"column":0},"end":{"line":9,"column":40}},"9":{"start":{"line":10,"column":0},"end":{"line":10,"column":42}},"10":{"start":{"line":11,"column":0},"end":{"line":11,"column":44}},"11":{"start":{"line":12,"column":0},"end":{"line":12,"column":42}},"12":{"start":{"line":13,"column":0},"end":{"line":13,"column":44}},"13":{"start":{"line":14,"column":0},"end":{"line":14,"column":40}},"14":{"start":{"line":15,"column":0},"end":{"line":15,"column":36}},"15":{"start":{"line":16,"column":0},"end":{"line":16,"column":38}},"16":{"start":{"line":17,"column":0},"end":{"line":17,"column":48}},"17":{"start":{"line":18,"column":0},"end":{"line":18,"column":40}},"18":{"start":{"line":20,"column":0},"end":{"line":20,"column":28}},"19":{"start":{"line":21,"column":0},"end":{"line":21,"column":32}},"20":{"start":{"line":23,"column":0},"end":{"line":23,"column":70}},"21":{"start":{"line":36,"column":4},"end":{"line":36,"column":null}},"22":{"start":{"line":37,"column":4},"end":{"line":54,"column":null}},"23":{"start":{"line":55,"column":4},"end":{"line":55,"column":null}},"24":{"start":{"line":56,"column":4},"end":{"line":56,"column":null}},"25":{"start":{"line":69,"column":4},"end":{"line":69,"column":null}},"26":{"start":{"line":70,"column":4},"end":{"line":70,"column":null}},"27":{"start":{"line":71,"column":4},"end":{"line":71,"column":null}},"28":{"start":{"line":72,"column":4},"end":{"line":72,"column":null}},"29":{"start":{"line":73,"column":4},"end":{"line":76,"column":null}},"30":{"start":{"line":78,"column":4},"end":{"line":78,"column":null}},"31":{"start":{"line":80,"column":4},"end":{"line":80,"column":null}},"32":{"start":{"line":89,"column":4},"end":{"line":97,"column":null}},"33":{"start":{"line":92,"column":8},"end":{"line":92,"column":null}},"34":{"start":{"line":93,"column":8},"end":{"line":93,"column":null}},"35":{"start":{"line":94,"column":8},"end":{"line":94,"column":null}},"36":{"start":{"line":107,"column":4},"end":{"line":111,"column":null}},"37":{"start":{"line":108,"column":53},"end":{"line":108,"column":76}},"38":{"start":{"line":109,"column":39},"end":{"line":109,"column":100}},"39":{"start":{"line":123,"column":4},"end":{"line":134,"column":null}},"40":{"start":{"line":126,"column":8},"end":{"line":129,"column":null}},"41":{"start":{"line":127,"column":10},"end":{"line":127,"column":null}},"42":{"start":{"line":128,"column":10},"end":{"line":128,"column":null}},"43":{"start":{"line":130,"column":8},"end":{"line":130,"column":null}},"44":{"start":{"line":131,"column":8},"end":{"line":131,"column":null}},"45":{"start":{"line":136,"column":4},"end":{"line":143,"column":null}},"46":{"start":{"line":139,"column":8},"end":{"line":139,"column":null}},"47":{"start":{"line":140,"column":8},"end":{"line":140,"column":null}},"48":{"start":{"line":145,"column":4},"end":{"line":145,"column":null}},"49":{"start":{"line":149,"column":0},"end":{"line":149,"column":null}}},"fnMap":{"0":{"name":"(anonymous_1)","decl":{"start":{"line":35,"column":2},"end":{"line":35,"column":14}},"loc":{"start":{"line":35,"column":40},"end":{"line":57,"column":3}}},"1":{"name":"(anonymous_2)","decl":{"start":{"line":66,"column":2},"end":{"line":66,"column":7}},"loc":{"start":{"line":66,"column":54},"end":{"line":81,"column":3}}},"2":{"name":"(anonymous_3)","decl":{"start":{"line":88,"column":2},"end":{"line":88,"column":7}},"loc":{"start":{"line":88,"column":7},"end":{"line":98,"column":3}}},"3":{"name":"(anonymous_4)","decl":{"start":{"line":91,"column":6},"end":{"line":91,"column":7}},"loc":{"start":{"line":91,"column":34},"end":{"line":95,"column":7}}},"4":{"name":"(anonymous_5)","decl":{"start":{"line":106,"column":2},"end":{"line":106,"column":7}},"loc":{"start":{"line":106,"column":35},"end":{"line":112,"column":3}}},"5":{"name":"(anonymous_6)","decl":{"start":{"line":108,"column":20},"end":{"line":108,"column":21}},"loc":{"start":{"line":108,"column":53},"end":{"line":108,"column":76}}},"6":{"name":"(anonymous_7)","decl":{"start":{"line":109,"column":6},"end":{"line":109,"column":7}},"loc":{"start":{"line":109,"column":39},"end":{"line":109,"column":100}}},"7":{"name":"(anonymous_8)","decl":{"start":{"line":120,"column":2},"end":{"line":120,"column":29}},"loc":{"start":{"line":120,"column":51},"end":{"line":146,"column":3}}},"8":{"name":"(anonymous_9)","decl":{"start":{"line":125,"column":6},"end":{"line":125,"column":7}},"loc":{"start":{"line":125,"column":30},"end":{"line":132,"column":7}}},"9":{"name":"(anonymous_10)","decl":{"start":{"line":138,"column":6},"end":{"line":138,"column":7}},"loc":{"start":{"line":138,"column":30},"end":{"line":141,"column":7}}}},"branchMap":{"0":{"loc":{"start":{"line":109,"column":50},"end":{"line":109,"column":92}},"type":"binary-expr","locations":[{"start":{"line":109,"column":50},"end":{"line":109,"column":92}},{"start":{"line":109,"column":96},"end":{"line":109,"column":98}}]},"1":{"loc":{"start":{"line":126,"column":8},"end":{"line":129,"column":null}},"type":"if","locations":[{"start":{"line":126,"column":8},"end":{"line":129,"column":null}},{"start":{"line":126,"column":8},"end":{"line":129,"column":null}}]}},"s":{"0":1,"1":1,"2":1,"3":1,"4":1,"5":1,"6":1,"7":1,"8":1,"9":1,"10":1,"11":1,"12":1,"13":1,"14":1,"15":1,"16":1,"17":1,"18":1,"19":1,"20":1,"21":1,"22":1,"23":1,"24":1,"25":1,"26":1,"27":1,"28":1,"29":1,"30":1,"31":1,"32":2,"33":32,"34":32,"35":32,"36":2,"37":2,"38":2,"39":1,"40":13,"41":1,"42":1,"43":12,"44":12,"45":1,"46":12,"47":12,"48":1,"49":1},"f":{"0":1,"1":1,"2":2,"3":32,"4":2,"5":2,"6":2,"7":1,"8":13,"9":12},"b":{"0":[2,0],"1":[1,12]}}
,"/home/dario/Personal/@queelag/css/src/components/border.ts": {"path":"/home/dario/Personal/@queelag/css/src/components/border.ts","statementMap":{"0":{"start":{"line":1,"column":0},"end":{"line":1,"column":41}},"1":{"start":{"line":4,"column":13},"end":{"line":35,"column":null}},"2":{"start":{"line":37,"column":15},"end":{"line":37,"column":84}},"3":{"start":{"line":37,"column":47},"end":{"line":37,"column":84}},"4":{"start":{"line":39,"column":0},"end":{"line":39,"column":null}}},"fnMap":{"0":{"name":"(anonymous_1)","decl":{"start":{"line":37,"column":15},"end":{"line":37,"column":16}},"loc":{"start":{"line":37,"column":47},"end":{"line":37,"column":84}}}},"branchMap":{},"s":{"0":1,"1":1,"2":1,"3":1,"4":1},"f":{"0":1},"b":{}}
,"/home/dario/Personal/@queelag/css/src/components/color.ts": {"path":"/home/dario/Personal/@queelag/css/src/components/color.ts","statementMap":{"0":{"start":{"line":1,"column":0},"end":{"line":1,"column":41}},"1":{"start":{"line":4,"column":13},"end":{"line":9,"column":null}},"2":{"start":{"line":11,"column":14},"end":{"line":11,"column":82}},"3":{"start":{"line":11,"column":46},"end":{"line":11,"column":82}},"4":{"start":{"line":13,"column":0},"end":{"line":13,"column":null}}},"fnMap":{"0":{"name":"(anonymous_1)","decl":{"start":{"line":11,"column":14},"end":{"line":11,"column":15}},"loc":{"start":{"line":11,"column":46},"end":{"line":11,"column":82}}}},"branchMap":{},"s":{"0":1,"1":1,"2":1,"3":1,"4":1},"f":{"0":1},"b":{}}
,"/home/dario/Personal/@queelag/css/src/components/container.ts": {"path":"/home/dario/Personal/@queelag/css/src/components/container.ts","statementMap":{"0":{"start":{"line":1,"column":0},"end":{"line":1,"column":41}},"1":{"start":{"line":3,"column":13},"end":{"line":18,"column":null}},"2":{"start":{"line":20,"column":18},"end":{"line":20,"column":60}},"3":{"start":{"line":20,"column":24},"end":{"line":20,"column":60}},"4":{"start":{"line":22,"column":0},"end":{"line":22,"column":null}}},"fnMap":{"0":{"name":"(anonymous_1)","decl":{"start":{"line":20,"column":18},"end":{"line":20,"column":21}},"loc":{"start":{"line":20,"column":24},"end":{"line":20,"column":60}}}},"branchMap":{},"s":{"0":1,"1":1,"2":1,"3":1,"4":1},"f":{"0":1},"b":{}}
,"/home/dario/Personal/@queelag/css/src/components/display.ts": {"path":"/home/dario/Personal/@queelag/css/src/components/display.ts","statementMap":{"0":{"start":{"line":1,"column":0},"end":{"line":1,"column":41}},"1":{"start":{"line":3,"column":13},"end":{"line":14,"column":null}},"2":{"start":{"line":16,"column":16},"end":{"line":16,"column":56}},"3":{"start":{"line":16,"column":22},"end":{"line":16,"column":56}},"4":{"start":{"line":18,"column":0},"end":{"line":18,"column":null}}},"fnMap":{"0":{"name":"(anonymous_1)","decl":{"start":{"line":16,"column":16},"end":{"line":16,"column":19}},"loc":{"start":{"line":16,"column":22},"end":{"line":16,"column":56}}}},"branchMap":{},"s":{"0":1,"1":1,"2":1,"3":1,"4":1},"f":{"0":1},"b":{}}
,"/home/dario/Personal/@queelag/css/src/components/flex.ts": {"path":"/home/dario/Personal/@queelag/css/src/components/flex.ts","statementMap":{"0":{"start":{"line":1,"column":0},"end":{"line":1,"column":41}},"1":{"start":{"line":3,"column":13},"end":{"line":27,"column":null}},"2":{"start":{"line":29,"column":13},"end":{"line":29,"column":50}},"3":{"start":{"line":29,"column":19},"end":{"line":29,"column":50}},"4":{"start":{"line":31,"column":0},"end":{"line":31,"column":null}}},"fnMap":{"0":{"name":"(anonymous_1)","decl":{"start":{"line":29,"column":13},"end":{"line":29,"column":16}},"loc":{"start":{"line":29,"column":19},"end":{"line":29,"column":50}}}},"branchMap":{},"s":{"0":1,"1":1,"2":1,"3":1,"4":1},"f":{"0":1},"b":{}}
,"/home/dario/Personal/@queelag/css/src/components/height.ts": {"path":"/home/dario/Personal/@queelag/css/src/components/height.ts","statementMap":{"0":{"start":{"line":1,"column":0},"end":{"line":1,"column":41}},"1":{"start":{"line":3,"column":13},"end":{"line":18,"column":null}},"2":{"start":{"line":20,"column":15},"end":{"line":20,"column":54}},"3":{"start":{"line":20,"column":21},"end":{"line":20,"column":54}},"4":{"start":{"line":22,"column":0},"end":{"line":22,"column":null}}},"fnMap":{"0":{"name":"(anonymous_1)","decl":{"start":{"line":20,"column":15},"end":{"line":20,"column":18}},"loc":{"start":{"line":20,"column":21},"end":{"line":20,"column":54}}}},"branchMap":{},"s":{"0":1,"1":1,"2":1,"3":1,"4":1},"f":{"0":1},"b":{}}
,"/home/dario/Personal/@queelag/css/src/components/margin.ts": {"path":"/home/dario/Personal/@queelag/css/src/components/margin.ts","statementMap":{"0":{"start":{"line":1,"column":0},"end":{"line":1,"column":41}},"1":{"start":{"line":3,"column":13},"end":{"line":26,"column":null}},"2":{"start":{"line":28,"column":15},"end":{"line":28,"column":54}},"3":{"start":{"line":28,"column":21},"end":{"line":28,"column":54}},"4":{"start":{"line":30,"column":0},"end":{"line":30,"column":null}}},"fnMap":{"0":{"name":"(anonymous_1)","decl":{"start":{"line":28,"column":15},"end":{"line":28,"column":18}},"loc":{"start":{"line":28,"column":21},"end":{"line":28,"column":54}}}},"branchMap":{},"s":{"0":1,"1":1,"2":1,"3":1,"4":1},"f":{"0":1},"b":{}}
,"/home/dario/Personal/@queelag/css/src/components/opacity.ts": {"path":"/home/dario/Personal/@queelag/css/src/components/opacity.ts","statementMap":{"0":{"start":{"line":1,"column":0},"end":{"line":1,"column":41}},"1":{"start":{"line":3,"column":13},"end":{"line":7,"column":null}},"2":{"start":{"line":9,"column":16},"end":{"line":9,"column":56}},"3":{"start":{"line":9,"column":22},"end":{"line":9,"column":56}},"4":{"start":{"line":11,"column":0},"end":{"line":11,"column":null}}},"fnMap":{"0":{"name":"(anonymous_1)","decl":{"start":{"line":9,"column":16},"end":{"line":9,"column":19}},"loc":{"start":{"line":9,"column":22},"end":{"line":9,"column":56}}}},"branchMap":{},"s":{"0":1,"1":1,"2":1,"3":1,"4":1},"f":{"0":1},"b":{}}
,"/home/dario/Personal/@queelag/css/src/components/overflow.ts": {"path":"/home/dario/Personal/@queelag/css/src/components/overflow.ts","statementMap":{"0":{"start":{"line":1,"column":0},"end":{"line":1,"column":41}},"1":{"start":{"line":3,"column":13},"end":{"line":18,"column":null}},"2":{"start":{"line":20,"column":17},"end":{"line":20,"column":58}},"3":{"start":{"line":20,"column":23},"end":{"line":20,"column":58}},"4":{"start":{"line":22,"column":0},"end":{"line":22,"column":null}}},"fnMap":{"0":{"name":"(anonymous_1)","decl":{"start":{"line":20,"column":17},"end":{"line":20,"column":20}},"loc":{"start":{"line":20,"column":23},"end":{"line":20,"column":58}}}},"branchMap":{},"s":{"0":1,"1":1,"2":1,"3":1,"4":1},"f":{"0":1},"b":{}}
,"/home/dario/Personal/@queelag/css/src/components/padding.ts": {"path":"/home/dario/Personal/@queelag/css/src/components/padding.ts","statementMap":{"0":{"start":{"line":1,"column":0},"end":{"line":1,"column":41}},"1":{"start":{"line":3,"column":13},"end":{"line":26,"column":null}},"2":{"start":{"line":28,"column":16},"end":{"line":28,"column":56}},"3":{"start":{"line":28,"column":22},"end":{"line":28,"column":56}},"4":{"start":{"line":30,"column":0},"end":{"line":30,"column":null}}},"fnMap":{"0":{"name":"(anonymous_1)","decl":{"start":{"line":28,"column":16},"end":{"line":28,"column":19}},"loc":{"start":{"line":28,"column":22},"end":{"line":28,"column":56}}}},"branchMap":{},"s":{"0":1,"1":1,"2":1,"3":1,"4":1},"f":{"0":1},"b":{}}
,"/home/dario/Personal/@queelag/css/src/components/position.ts": {"path":"/home/dario/Personal/@queelag/css/src/components/position.ts","statementMap":{"0":{"start":{"line":1,"column":0},"end":{"line":1,"column":41}},"1":{"start":{"line":3,"column":13},"end":{"line":29,"column":null}},"2":{"start":{"line":31,"column":17},"end":{"line":31,"column":58}},"3":{"start":{"line":31,"column":23},"end":{"line":31,"column":58}},"4":{"start":{"line":33,"column":0},"end":{"line":33,"column":null}}},"fnMap":{"0":{"name":"(anonymous_1)","decl":{"start":{"line":31,"column":17},"end":{"line":31,"column":20}},"loc":{"start":{"line":31,"column":23},"end":{"line":31,"column":58}}}},"branchMap":{},"s":{"0":1,"1":1,"2":1,"3":1,"4":1},"f":{"0":1},"b":{}}
,"/home/dario/Personal/@queelag/css/src/components/shadow.ts": {"path":"/home/dario/Personal/@queelag/css/src/components/shadow.ts","statementMap":{"0":{"start":{"line":1,"column":0},"end":{"line":1,"column":41}},"1":{"start":{"line":4,"column":13},"end":{"line":8,"column":null}},"2":{"start":{"line":10,"column":15},"end":{"line":10,"column":84}},"3":{"start":{"line":10,"column":47},"end":{"line":10,"column":84}},"4":{"start":{"line":12,"column":0},"end":{"line":12,"column":null}}},"fnMap":{"0":{"name":"(anonymous_1)","decl":{"start":{"line":10,"column":15},"end":{"line":10,"column":16}},"loc":{"start":{"line":10,"column":47},"end":{"line":10,"column":84}}}},"branchMap":{},"s":{"0":1,"1":1,"2":1,"3":1,"4":1},"f":{"0":1},"b":{}}
,"/home/dario/Personal/@queelag/css/src/components/text.ts": {"path":"/home/dario/Personal/@queelag/css/src/components/text.ts","statementMap":{"0":{"start":{"line":1,"column":0},"end":{"line":1,"column":41}},"1":{"start":{"line":3,"column":13},"end":{"line":19,"column":null}},"2":{"start":{"line":21,"column":13},"end":{"line":21,"column":50}},"3":{"start":{"line":21,"column":19},"end":{"line":21,"column":50}},"4":{"start":{"line":23,"column":0},"end":{"line":23,"column":null}}},"fnMap":{"0":{"name":"(anonymous_1)","decl":{"start":{"line":21,"column":13},"end":{"line":21,"column":16}},"loc":{"start":{"line":21,"column":19},"end":{"line":21,"column":50}}}},"branchMap":{},"s":{"0":1,"1":1,"2":1,"3":1,"4":1},"f":{"0":1},"b":{}}
,"/home/dario/Personal/@queelag/css/src/components/width.ts": {"path":"/home/dario/Personal/@queelag/css/src/components/width.ts","statementMap":{"0":{"start":{"line":1,"column":0},"end":{"line":1,"column":41}},"1":{"start":{"line":3,"column":13},"end":{"line":18,"column":null}},"2":{"start":{"line":20,"column":14},"end":{"line":20,"column":52}},"3":{"start":{"line":20,"column":20},"end":{"line":20,"column":52}},"4":{"start":{"line":22,"column":0},"end":{"line":22,"column":null}}},"fnMap":{"0":{"name":"(anonymous_1)","decl":{"start":{"line":20,"column":14},"end":{"line":20,"column":17}},"loc":{"start":{"line":20,"column":20},"end":{"line":20,"column":52}}}},"branchMap":{},"s":{"0":1,"1":1,"2":1,"3":1,"4":1},"f":{"0":1},"b":{}}
,"/home/dario/Personal/@queelag/css/src/components/willChange.ts": {"path":"/home/dario/Personal/@queelag/css/src/components/willChange.ts","statementMap":{"0":{"start":{"line":1,"column":0},"end":{"line":1,"column":41}},"1":{"start":{"line":3,"column":13},"end":{"line":10,"column":null}},"2":{"start":{"line":12,"column":19},"end":{"line":12,"column":62}},"3":{"start":{"line":12,"column":25},"end":{"line":12,"column":62}},"4":{"start":{"line":14,"column":0},"end":{"line":14,"column":null}}},"fnMap":{"0":{"name":"(anonymous_1)","decl":{"start":{"line":12,"column":19},"end":{"line":12,"column":22}},"loc":{"start":{"line":12,"column":25},"end":{"line":12,"column":62}}}},"branchMap":{},"s":{"0":1,"1":1,"2":1,"3":1,"4":1},"f":{"0":1},"b":{}}
,"/home/dario/Personal/@queelag/css/src/components/zindex.ts": {"path":"/home/dario/Personal/@queelag/css/src/components/zindex.ts","statementMap":{"0":{"start":{"line":1,"column":0},"end":{"line":1,"column":41}},"1":{"start":{"line":3,"column":13},"end":{"line":7,"column":null}},"2":{"start":{"line":9,"column":15},"end":{"line":9,"column":54}},"3":{"start":{"line":9,"column":21},"end":{"line":9,"column":54}},"4":{"start":{"line":11,"column":0},"end":{"line":11,"column":null}}},"fnMap":{"0":{"name":"(anonymous_1)","decl":{"start":{"line":9,"column":15},"end":{"line":9,"column":18}},"loc":{"start":{"line":9,"column":21},"end":{"line":9,"column":54}}}},"branchMap":{},"s":{"0":1,"1":1,"2":1,"3":1,"4":1},"f":{"0":1},"b":{}}
,"/home/dario/Personal/@queelag/css/src/libs/component.ts": {"path":"/home/dario/Personal/@queelag/css/src/libs/component.ts","statementMap":{"0":{"start":{"line":1,"column":0},"end":{"line":1,"column":46}},"1":{"start":{"line":2,"column":0},"end":{"line":2,"column":27}},"2":{"start":{"line":4,"column":0},"end":{"line":4,"column":23}},"3":{"start":{"line":21,"column":4},"end":{"line":21,"column":null}},"4":{"start":{"line":22,"column":4},"end":{"line":22,"column":null}},"5":{"start":{"line":23,"column":4},"end":{"line":23,"column":null}},"6":{"start":{"line":24,"column":4},"end":{"line":24,"column":null}},"7":{"start":{"line":25,"column":4},"end":{"line":25,"column":null}},"8":{"start":{"line":26,"column":4},"end":{"line":26,"column":null}},"9":{"start":{"line":35,"column":4},"end":{"line":43,"column":null}},"10":{"start":{"line":38,"column":8},"end":{"line":38,"column":null}},"11":{"start":{"line":39,"column":8},"end":{"line":39,"column":null}},"12":{"start":{"line":40,"column":8},"end":{"line":40,"column":null}},"13":{"start":{"line":52,"column":15},"end":{"line":52,"column":68}},"14":{"start":{"line":52,"column":30},"end":{"line":52,"column":68}},"15":{"start":{"line":53,"column":18},"end":{"line":53,"column":53}},"16":{"start":{"line":53,"column":33},"end":{"line":53,"column":53}},"17":{"start":{"line":55,"column":4},"end":{"line":72,"column":null}},"18":{"start":{"line":58,"column":8},"end":{"line":67,"column":null}},"19":{"start":{"line":59,"column":10},"end":{"line":66,"column":null}},"20":{"start":{"line":68,"column":8},"end":{"line":68,"column":null}},"21":{"start":{"line":69,"column":8},"end":{"line":69,"column":null}},"22":{"start":{"line":81,"column":4},"end":{"line":91,"column":null}},"23":{"start":{"line":84,"column":8},"end":{"line":87,"column":null}},"24":{"start":{"line":85,"column":10},"end":{"line":85,"column":null}},"25":{"start":{"line":86,"column":10},"end":{"line":86,"column":null}},"26":{"start":{"line":88,"column":8},"end":{"line":88,"column":null}},"27":{"start":{"line":100,"column":4},"end":{"line":117,"column":null}},"28":{"start":{"line":103,"column":8},"end":{"line":113,"column":null}},"29":{"start":{"line":104,"column":10},"end":{"line":112,"column":null}},"30":{"start":{"line":105,"column":12},"end":{"line":110,"column":null}},"31":{"start":{"line":111,"column":12},"end":{"line":111,"column":null}},"32":{"start":{"line":114,"column":8},"end":{"line":114,"column":null}},"33":{"start":{"line":128,"column":4},"end":{"line":128,"column":null}},"34":{"start":{"line":129,"column":4},"end":{"line":129,"column":null}},"35":{"start":{"line":130,"column":4},"end":{"line":130,"column":null}},"36":{"start":{"line":131,"column":4},"end":{"line":131,"column":null}},"37":{"start":{"line":133,"column":4},"end":{"line":133,"column":null}},"38":{"start":{"line":144,"column":4},"end":{"line":144,"column":null}},"39":{"start":{"line":145,"column":4},"end":{"line":145,"column":null}},"40":{"start":{"line":147,"column":4},"end":{"line":147,"column":null}},"41":{"start":{"line":156,"column":4},"end":{"line":156,"column":null}},"42":{"start":{"line":160,"column":0},"end":{"line":160,"column":null}}},"fnMap":{"0":{"name":"(anonymous_1)","decl":{"start":{"line":20,"column":2},"end":{"line":20,"column":15}},"loc":{"start":{"line":20,"column":78},"end":{"line":27,"column":3}}},"1":{"name":"(anonymous_2)","decl":{"start":{"line":34,"column":2},"end":{"line":34,"column":13}},"loc":{"start":{"line":34,"column":13},"end":{"line":44,"column":3}}},"2":{"name":"(anonymous_3)","decl":{"start":{"line":37,"column":6},"end":{"line":37,"column":7}},"loc":{"start":{"line":37,"column":41},"end":{"line":41,"column":7}}},"3":{"name":"(anonymous_4)","decl":{"start":{"line":51,"column":2},"end":{"line":51,"column":10}},"loc":{"start":{"line":51,"column":10},"end":{"line":73,"column":3}}},"4":{"name":"(anonymous_5)","decl":{"start":{"line":52,"column":15},"end":{"line":52,"column":16}},"loc":{"start":{"line":52,"column":30},"end":{"line":52,"column":68}}},"5":{"name":"(anonymous_6)","decl":{"start":{"line":53,"column":18},"end":{"line":53,"column":19}},"loc":{"start":{"line":53,"column":33},"end":{"line":53,"column":53}}},"6":{"name":"(anonymous_7)","decl":{"start":{"line":57,"column":6},"end":{"line":57,"column":7}},"loc":{"start":{"line":57,"column":41},"end":{"line":70,"column":7}}},"7":{"name":"(anonymous_8)","decl":{"start":{"line":58,"column":29},"end":{"line":58,"column":30}},"loc":{"start":{"line":58,"column":54},"end":{"line":67,"column":9}}},"8":{"name":"(anonymous_9)","decl":{"start":{"line":80,"column":2},"end":{"line":80,"column":12}},"loc":{"start":{"line":80,"column":12},"end":{"line":92,"column":3}}},"9":{"name":"(anonymous_10)","decl":{"start":{"line":83,"column":6},"end":{"line":83,"column":7}},"loc":{"start":{"line":83,"column":41},"end":{"line":89,"column":7}}},"10":{"name":"(anonymous_11)","decl":{"start":{"line":84,"column":29},"end":{"line":84,"column":30}},"loc":{"start":{"line":84,"column":47},"end":{"line":87,"column":9}}},"11":{"name":"(anonymous_12)","decl":{"start":{"line":99,"column":2},"end":{"line":99,"column":14}},"loc":{"start":{"line":99,"column":14},"end":{"line":118,"column":3}}},"12":{"name":"(anonymous_13)","decl":{"start":{"line":102,"column":6},"end":{"line":102,"column":7}},"loc":{"start":{"line":102,"column":41},"end":{"line":115,"column":7}}},"13":{"name":"(anonymous_14)","decl":{"start":{"line":103,"column":29},"end":{"line":103,"column":30}},"loc":{"start":{"line":103,"column":54},"end":{"line":113,"column":9}}},"14":{"name":"(anonymous_15)","decl":{"start":{"line":104,"column":31},"end":{"line":104,"column":32}},"loc":{"start":{"line":104,"column":49},"end":{"line":112,"column":11}}},"15":{"name":"(anonymous_16)","decl":{"start":{"line":125,"column":2},"end":{"line":125,"column":10}},"loc":{"start":{"line":125,"column":10},"end":{"line":134,"column":3}}},"16":{"name":"(anonymous_17)","decl":{"start":{"line":141,"column":2},"end":{"line":141,"column":7}},"loc":{"start":{"line":141,"column":7},"end":{"line":148,"column":3}}},"17":{"name":"(anonymous_18)","decl":{"start":{"line":155,"column":2},"end":{"line":155,"column":10}},"loc":{"start":{"line":155,"column":10},"end":{"line":157,"column":3}}}},"branchMap":{"0":{"loc":{"start":{"line":20,"column":76},"end":{"line":20,"column":78}},"type":"default-arg","locations":[{"start":{"line":20,"column":76},"end":{"line":20,"column":78}}]},"1":{"loc":{"start":{"line":52,"column":41},"end":{"line":52,"column":42}},"type":"cond-expr","locations":[{"start":{"line":52,"column":41},"end":{"line":52,"column":42}},{"start":{"line":52,"column":45},"end":{"line":52,"column":56}}]}},"s":{"0":1,"1":1,"2":1,"3":16,"4":16,"5":16,"6":16,"7":16,"8":16,"9":64,"10":308,"11":308,"12":308,"13":64,"14":37572,"15":64,"16":37572,"17":64,"18":372,"19":37572,"20":372,"21":372,"22":64,"23":12,"24":24,"25":24,"26":12,"27":64,"28":4,"29":404,"30":808,"31":808,"32":4,"33":64,"34":64,"35":64,"36":64,"37":64,"38":32,"39":32,"40":32,"41":32,"42":1},"f":{"0":16,"1":64,"2":308,"3":64,"4":37572,"5":37572,"6":372,"7":37572,"8":64,"9":12,"10":24,"11":64,"12":4,"13":404,"14":808,"15":64,"16":32,"17":32},"b":{"0":[0],"1":[372,37200]}}
,"/home/dario/Personal/@queelag/css/src/libs/css.ts": {"path":"/home/dario/Personal/@queelag/css/src/libs/css.ts","statementMap":{"0":{"start":{"line":1,"column":0},"end":{"line":1,"column":40}},"1":{"start":{"line":3,"column":0},"end":{"line":3,"column":27}},"2":{"start":{"line":19,"column":4},"end":{"line":19,"column":null}},"3":{"start":{"line":32,"column":4},"end":{"line":32,"column":null}},"4":{"start":{"line":42,"column":4},"end":{"line":42,"column":null}},"5":{"start":{"line":53,"column":4},"end":{"line":72,"column":null}},"6":{"start":{"line":56,"column":8},"end":{"line":68,"column":null}},"7":{"start":{"line":59,"column":10},"end":{"line":59,"column":null}},"8":{"start":{"line":60,"column":10},"end":{"line":60,"column":null}},"9":{"start":{"line":60,"column":42},"end":{"line":60,"column":57}},"10":{"start":{"line":61,"column":10},"end":{"line":61,"column":null}},"11":{"start":{"line":63,"column":10},"end":{"line":63,"column":null}},"12":{"start":{"line":65,"column":10},"end":{"line":67,"column":null}},"13":{"start":{"line":66,"column":12},"end":{"line":66,"column":null}},"14":{"start":{"line":69,"column":8},"end":{"line":69,"column":null}},"15":{"start":{"line":76,"column":0},"end":{"line":76,"column":null}}},"fnMap":{"0":{"name":"(anonymous_1)","decl":{"start":{"line":13,"column":2},"end":{"line":13,"column":15}},"loc":{"start":{"line":18,"column":3},"end":{"line":20,"column":3}}},"1":{"name":"(anonymous_2)","decl":{"start":{"line":31,"column":2},"end":{"line":31,"column":8}},"loc":{"start":{"line":31,"column":67},"end":{"line":33,"column":3}}},"2":{"name":"(anonymous_3)","decl":{"start":{"line":41,"column":2},"end":{"line":41,"column":8}},"loc":{"start":{"line":41,"column":31},"end":{"line":43,"column":3}}},"3":{"name":"(anonymous_4)","decl":{"start":{"line":52,"column":2},"end":{"line":52,"column":7}},"loc":{"start":{"line":52,"column":44},"end":{"line":73,"column":3}}},"4":{"name":"(anonymous_5)","decl":{"start":{"line":55,"column":6},"end":{"line":55,"column":7}},"loc":{"start":{"line":55,"column":42},"end":{"line":70,"column":7}}},"5":{"name":"(anonymous_6)","decl":{"start":{"line":60,"column":37},"end":{"line":60,"column":38}},"loc":{"start":{"line":60,"column":42},"end":{"line":60,"column":57}}},"6":{"name":"(anonymous_7)","decl":{"start":{"line":65,"column":32},"end":{"line":65,"column":33}},"loc":{"start":{"line":65,"column":52},"end":{"line":67,"column":11}}}},"branchMap":{"0":{"loc":{"start":{"line":13,"column":39},"end":{"line":18,"column":null}},"type":"default-arg","locations":[{"start":{"line":13,"column":39},"end":{"line":18,"column":null}}]},"1":{"loc":{"start":{"line":32,"column":22},"end":{"line":32,"column":57}},"type":"cond-expr","locations":[{"start":{"line":32,"column":22},"end":{"line":32,"column":57}},{"start":{"line":32,"column":60},"end":{"line":32,"column":62}}]},"2":{"loc":{"start":{"line":32,"column":73},"end":{"line":32,"column":83}},"type":"cond-expr","locations":[{"start":{"line":32,"column":73},"end":{"line":32,"column":83}},{"start":{"line":32,"column":86},"end":{"line":32,"column":88}}]},"3":{"loc":{"start":{"line":32,"column":148},"end":{"line":32,"column":151}},"type":"cond-expr","locations":[{"start":{"line":32,"column":148},"end":{"line":32,"column":151}},{"start":{"line":32,"column":154},"end":{"line":32,"column":156}}]},"4":{"loc":{"start":{"line":56,"column":8},"end":{"line":68,"column":null}},"type":"if","locations":[{"start":{"line":56,"column":8},"end":{"line":68,"column":null}},{"start":{"line":56,"column":8},"end":{"line":68,"column":null}}]},"5":{"loc":{"start":{"line":59,"column":18},"end":{"line":59,"column":42}},"type":"binary-expr","locations":[{"start":{"line":59,"column":18},"end":{"line":59,"column":42}},{"start":{"line":59,"column":46},"end":{"line":59,"column":50}}]},"6":{"loc":{"start":{"line":60,"column":19},"end":{"line":60,"column":58}},"type":"binary-expr","locations":[{"start":{"line":60,"column":19},"end":{"line":60,"column":58}},{"start":{"line":60,"column":62},"end":{"line":60,"column":77}}]},"7":{"loc":{"start":{"line":61,"column":21},"end":{"line":61,"column":46}},"type":"cond-expr","locations":[{"start":{"line":61,"column":21},"end":{"line":61,"column":46}},{"start":{"line":61,"column":49},"end":{"line":61,"column":50}}]}},"s":{"0":1,"1":1,"2":17,"3":96792,"4":25,"5":33,"6":19368,"7":12,"8":12,"9":14,"10":12,"11":12,"12":19356,"13":96780,"14":19368,"15":1},"f":{"0":17,"1":96792,"2":25,"3":33,"4":19368,"5":14,"6":96780},"b":{"0":[17],"1":[77425,19367],"2":[77425,19367],"3":[77425,19367],"4":[12,19356],"5":[12,0],"6":[12,0],"7":[1,11]}}
,"/home/dario/Personal/@queelag/css/src/libs/regex.ts": {"path":"/home/dario/Personal/@queelag/css/src/libs/regex.ts","statementMap":{"0":{"start":{"line":15,"column":21},"end":{"line":27,"column":null}},"1":{"start":{"line":26,"column":24},"end":{"line":26,"column":68}},"2":{"start":{"line":29,"column":0},"end":{"line":29,"column":null}}},"fnMap":{"0":{"name":"(anonymous_0)","decl":{"start":{"line":26,"column":9},"end":{"line":26,"column":10}},"loc":{"start":{"line":26,"column":24},"end":{"line":26,"column":68}}}},"branchMap":{},"s":{"0":1,"1":39,"2":1},"f":{"0":39},"b":{}}
,"/home/dario/Personal/@queelag/css/src/various/utils.ts": {"path":"/home/dario/Personal/@queelag/css/src/various/utils.ts","statementMap":{"0":{"start":{"line":1,"column":0},"end":{"line":1,"column":25}},"1":{"start":{"line":2,"column":0},"end":{"line":2,"column":32}},"2":{"start":{"line":3,"column":0},"end":{"line":3,"column":30}},"3":{"start":{"line":4,"column":0},"end":{"line":4,"column":33}},"4":{"start":{"line":9,"column":2},"end":{"line":9,"column":null}},"5":{"start":{"line":10,"column":2},"end":{"line":10,"column":null}},"6":{"start":{"line":12,"column":2},"end":{"line":18,"column":null}},"7":{"start":{"line":13,"column":4},"end":{"line":17,"column":null}},"8":{"start":{"line":14,"column":6},"end":{"line":14,"column":null}},"9":{"start":{"line":16,"column":6},"end":{"line":16,"column":null}},"10":{"start":{"line":20,"column":2},"end":{"line":20,"column":null}},"11":{"start":{"line":26,"column":2},"end":{"line":26,"column":null}},"12":{"start":{"line":27,"column":2},"end":{"line":27,"column":null}},"13":{"start":{"line":29,"column":2},"end":{"line":34,"column":null}},"14":{"start":{"line":30,"column":4},"end":{"line":33,"column":null}},"15":{"start":{"line":31,"column":6},"end":{"line":31,"column":null}},"16":{"start":{"line":32,"column":6},"end":{"line":32,"column":null}},"17":{"start":{"line":36,"column":2},"end":{"line":36,"column":null}},"18":{"start":{"line":23,"column":0},"end":{"line":23,"column":16}},"19":{"start":{"line":40,"column":17},"end":{"line":40,"column":33}},"20":{"start":{"line":42,"column":2},"end":{"line":42,"column":null}},"21":{"start":{"line":42,"column":25},"end":{"line":42,"column":null}},"22":{"start":{"line":43,"column":2},"end":{"line":43,"column":null}},"23":{"start":{"line":43,"column":25},"end":{"line":43,"column":null}},"24":{"start":{"line":44,"column":2},"end":{"line":44,"column":null}},"25":{"start":{"line":44,"column":25},"end":{"line":44,"column":null}},"26":{"start":{"line":45,"column":2},"end":{"line":45,"column":null}},"27":{"start":{"line":45,"column":25},"end":{"line":45,"column":null}},"28":{"start":{"line":47,"column":2},"end":{"line":47,"column":null}},"29":{"start":{"line":47,"column":25},"end":{"line":47,"column":null}},"30":{"start":{"line":48,"column":2},"end":{"line":48,"column":null}},"31":{"start":{"line":48,"column":25},"end":{"line":48,"column":null}},"32":{"start":{"line":49,"column":2},"end":{"line":49,"column":null}},"33":{"start":{"line":49,"column":25},"end":{"line":49,"column":null}},"34":{"start":{"line":50,"column":2},"end":{"line":50,"column":null}},"35":{"start":{"line":50,"column":25},"end":{"line":50,"column":null}},"36":{"start":{"line":52,"column":2},"end":{"line":52,"column":null}},"37":{"start":{"line":39,"column":0},"end":{"line":39,"column":16}},"38":{"start":{"line":56,"column":2},"end":{"line":56,"column":null}},"39":{"start":{"line":56,"column":15},"end":{"line":56,"column":null}},"40":{"start":{"line":57,"column":10},"end":{"line":57,"column":14}},"41":{"start":{"line":58,"column":10},"end":{"line":58,"column":16}},"42":{"start":{"line":59,"column":10},"end":{"line":59,"column":67}},"43":{"start":{"line":60,"column":10},"end":{"line":60,"column":47}},"44":{"start":{"line":61,"column":2},"end":{"line":61,"column":null}},"45":{"start":{"line":55,"column":0},"end":{"line":55,"column":16}}},"fnMap":{"0":{"name":"getFiles","decl":{"start":{"line":6,"column":9},"end":{"line":6,"column":17}},"loc":{"start":{"line":6,"column":30},"end":{"line":21,"column":1}}},"1":{"name":"(anonymous_2)","decl":{"start":{"line":12,"column":16},"end":{"line":12,"column":17}},"loc":{"start":{"line":12,"column":25},"end":{"line":18,"column":3}}},"2":{"name":"readFiles","decl":{"start":{"line":23,"column":16},"end":{"line":23,"column":25}},"loc":{"start":{"line":23,"column":38},"end":{"line":37,"column":1}}},"3":{"name":"(anonymous_4)","decl":{"start":{"line":29,"column":17},"end":{"line":29,"column":18}},"loc":{"start":{"line":29,"column":34},"end":{"line":34,"column":3}}},"4":{"name":"orderByQuery","decl":{"start":{"line":39,"column":16},"end":{"line":39,"column":28}},"loc":{"start":{"line":39,"column":49},"end":{"line":53,"column":1}}},"5":{"name":"formatBytes","decl":{"start":{"line":55,"column":16},"end":{"line":55,"column":27}},"loc":{"start":{"line":55,"column":49},"end":{"line":62,"column":1}}}},"branchMap":{"0":{"loc":{"start":{"line":13,"column":4},"end":{"line":17,"column":null}},"type":"if","locations":[{"start":{"line":13,"column":4},"end":{"line":17,"column":null}},{"start":{"line":13,"column":4},"end":{"line":17,"column":null}}]},"1":{"loc":{"start":{"line":30,"column":4},"end":{"line":33,"column":null}},"type":"if","locations":[{"start":{"line":30,"column":4},"end":{"line":33,"column":null}},{"start":{"line":30,"column":4},"end":{"line":33,"column":null}}]},"2":{"loc":{"start":{"line":42,"column":2},"end":{"line":42,"column":null}},"type":"if","locations":[{"start":{"line":42,"column":2},"end":{"line":42,"column":null}},{"start":{"line":42,"column":2},"end":{"line":42,"column":null}}]},"3":{"loc":{"start":{"line":43,"column":2},"end":{"line":43,"column":null}},"type":"if","locations":[{"start":{"line":43,"column":2},"end":{"line":43,"column":null}},{"start":{"line":43,"column":2},"end":{"line":43,"column":null}}]},"4":{"loc":{"start":{"line":44,"column":2},"end":{"line":44,"column":null}},"type":"if","locations":[{"start":{"line":44,"column":2},"end":{"line":44,"column":null}},{"start":{"line":44,"column":2},"end":{"line":44,"column":null}}]},"5":{"loc":{"start":{"line":45,"column":2},"end":{"line":45,"column":null}},"type":"if","locations":[{"start":{"line":45,"column":2},"end":{"line":45,"column":null}},{"start":{"line":45,"column":2},"end":{"line":45,"column":null}}]},"6":{"loc":{"start":{"line":47,"column":2},"end":{"line":47,"column":null}},"type":"if","locations":[{"start":{"line":47,"column":2},"end":{"line":47,"column":null}},{"start":{"line":47,"column":2},"end":{"line":47,"column":null}}]},"7":{"loc":{"start":{"line":48,"column":2},"end":{"line":48,"column":null}},"type":"if","locations":[{"start":{"line":48,"column":2},"end":{"line":48,"column":null}},{"start":{"line":48,"column":2},"end":{"line":48,"column":null}}]},"8":{"loc":{"start":{"line":49,"column":2},"end":{"line":49,"column":null}},"type":"if","locations":[{"start":{"line":49,"column":2},"end":{"line":49,"column":null}},{"start":{"line":49,"column":2},"end":{"line":49,"column":null}}]},"9":{"loc":{"start":{"line":50,"column":2},"end":{"line":50,"column":null}},"type":"if","locations":[{"start":{"line":50,"column":2},"end":{"line":50,"column":null}},{"start":{"line":50,"column":2},"end":{"line":50,"column":null}}]},"10":{"loc":{"start":{"line":56,"column":2},"end":{"line":56,"column":null}},"type":"if","locations":[{"start":{"line":56,"column":2},"end":{"line":56,"column":null}},{"start":{"line":56,"column":2},"end":{"line":56,"column":null}}]},"11":{"loc":{"start":{"line":58,"column":10},"end":{"line":58,"column":11}},"type":"binary-expr","locations":[{"start":{"line":58,"column":10},"end":{"line":58,"column":11}},{"start":{"line":58,"column":15},"end":{"line":58,"column":16}}]}},"s":{"0":1,"1":1,"2":1,"3":1,"4":2,"5":2,"6":2,"7":2,"8":0,"9":2,"10":2,"11":2,"12":2,"13":2,"14":2,"15":2,"16":2,"17":2,"18":1,"19":27,"20":27,"21":0,"22":27,"23":1,"24":27,"25":0,"26":27,"27":0,"28":27,"29":0,"30":27,"31":8,"32":27,"33":0,"34":27,"35":0,"36":27,"37":1,"38":2,"39":0,"40":2,"41":2,"42":2,"43":2,"44":2,"45":1},"f":{"0":2,"1":2,"2":2,"3":2,"4":27,"5":2},"b":{"0":[0,2],"1":[2,0],"2":[0,27],"3":[1,26],"4":[0,27],"5":[0,27],"6":[0,27],"7":[8,19],"8":[0,27],"9":[0,27],"10":[0,2],"11":[2,2]}}
}
