{"/mnt/c/Linux/Projects/solid-css/index.ts": {"path":"/mnt/c/Linux/Projects/solid-css/index.ts","statementMap":{"0":{"start":{"line":1,"column":0},"end":{"line":1,"column":40}},"1":{"start":{"line":2,"column":0},"end":{"line":2,"column":38}},"2":{"start":{"line":3,"column":0},"end":{"line":3,"column":46}},"3":{"start":{"line":4,"column":0},"end":{"line":4,"column":42}},"4":{"start":{"line":5,"column":0},"end":{"line":5,"column":36}},"5":{"start":{"line":6,"column":0},"end":{"line":6,"column":40}},"6":{"start":{"line":7,"column":0},"end":{"line":7,"column":40}},"7":{"start":{"line":8,"column":0},"end":{"line":8,"column":42}},"8":{"start":{"line":9,"column":0},"end":{"line":9,"column":44}},"9":{"start":{"line":10,"column":0},"end":{"line":10,"column":42}},"10":{"start":{"line":11,"column":0},"end":{"line":11,"column":44}},"11":{"start":{"line":12,"column":0},"end":{"line":12,"column":40}},"12":{"start":{"line":13,"column":0},"end":{"line":13,"column":36}},"13":{"start":{"line":14,"column":0},"end":{"line":14,"column":38}},"14":{"start":{"line":15,"column":0},"end":{"line":15,"column":40}},"15":{"start":{"line":16,"column":0},"end":{"line":16,"column":41}},"16":{"start":{"line":19,"column":0},"end":{"line":19,"column":70}},"17":{"start":{"line":20,"column":0},"end":{"line":20,"column":32}},"18":{"start":{"line":21,"column":0},"end":{"line":21,"column":28}},"19":{"start":{"line":22,"column":0},"end":{"line":22,"column":25}},"20":{"start":{"line":24,"column":0},"end":{"line":24,"column":null}},"21":{"start":{"line":24,"column":20},"end":{"line":24,"column":23}},"22":{"start":{"line":35,"column":4},"end":{"line":35,"column":null}},"23":{"start":{"line":36,"column":4},"end":{"line":52,"column":null}},"24":{"start":{"line":53,"column":4},"end":{"line":53,"column":null}},"25":{"start":{"line":54,"column":4},"end":{"line":54,"column":null}},"26":{"start":{"line":64,"column":8},"end":{"line":79,"column":null}},"27":{"start":{"line":67,"column":4},"end":{"line":67,"column":null}},"28":{"start":{"line":68,"column":13},"end":{"line":68,"column":null}},"29":{"start":{"line":68,"column":4},"end":{"line":68,"column":null}},"30":{"start":{"line":69,"column":4},"end":{"line":69,"column":null}},"31":{"start":{"line":70,"column":4},"end":{"line":70,"column":null}},"32":{"start":{"line":71,"column":4},"end":{"line":74,"column":null}},"33":{"start":{"line":76,"column":4},"end":{"line":76,"column":null}},"34":{"start":{"line":78,"column":4},"end":{"line":78,"column":null}},"35":{"start":{"line":86,"column":2},"end":{"line":96,"column":null}},"36":{"start":{"line":86,"column":2},"end":{"line":86,"column":7}},"37":{"start":{"line":87,"column":4},"end":{"line":95,"column":null}},"38":{"start":{"line":90,"column":8},"end":{"line":90,"column":null}},"39":{"start":{"line":91,"column":8},"end":{"line":91,"column":null}},"40":{"start":{"line":92,"column":8},"end":{"line":92,"column":null}},"41":{"start":{"line":104,"column":8},"end":{"line":110,"column":null}},"42":{"start":{"line":105,"column":11},"end":{"line":105,"column":null}},"43":{"start":{"line":106,"column":6},"end":{"line":106,"column":null}},"44":{"start":{"line":105,"column":4},"end":{"line":109,"column":null}},"45":{"start":{"line":107,"column":39},"end":{"line":107,"column":102}},"46":{"start":{"line":118,"column":2},"end":{"line":141,"column":null}},"47":{"start":{"line":118,"column":2},"end":{"line":118,"column":29}},"48":{"start":{"line":121,"column":4},"end":{"line":129,"column":null}},"49":{"start":{"line":124,"column":8},"end":{"line":124,"column":null}},"50":{"start":{"line":124,"column":54},"end":{"line":124,"column":100}},"51":{"start":{"line":124,"column":101},"end":{"line":124,"column":111}},"52":{"start":{"line":125,"column":8},"end":{"line":125,"column":null}},"53":{"start":{"line":126,"column":8},"end":{"line":126,"column":null}},"54":{"start":{"line":131,"column":4},"end":{"line":138,"column":null}},"55":{"start":{"line":134,"column":8},"end":{"line":134,"column":null}},"56":{"start":{"line":135,"column":8},"end":{"line":135,"column":null}},"57":{"start":{"line":140,"column":4},"end":{"line":140,"column":null}},"58":{"start":{"line":142,"column":0},"end":{"line":142,"column":null}},"59":{"start":{"line":144,"column":0},"end":{"line":144,"column":null}}},"fnMap":{"0":{"name":"(anonymous_21)","decl":{"start":{"line":24,"column":0},"end":{"line":24,"column":20}},"loc":{"start":{"line":24,"column":0},"end":{"line":142,"column":null}}},"1":{"name":"Solid","decl":{"start":{"line":34,"column":2},"end":{"line":34,"column":15}},"loc":{"start":{"line":34,"column":41},"end":{"line":55,"column":3}}},"2":{"name":"(anonymous_23)","decl":{"start":{"line":64,"column":2},"end":{"line":64,"column":8}},"loc":{"start":{"line":64,"column":44},"end":{"line":79,"column":null}}},"3":{"name":"(anonymous_26)","decl":{"start":{"line":86,"column":2},"end":{"line":86,"column":7}},"loc":{"start":{"line":86,"column":2},"end":{"line":96,"column":3}}},"4":{"name":"(anonymous_27)","decl":{"start":{"line":89,"column":6},"end":{"line":89,"column":7}},"loc":{"start":{"line":89,"column":30},"end":{"line":93,"column":7}}},"5":{"name":"(anonymous_28)","decl":{"start":{"line":104,"column":2},"end":{"line":104,"column":8}},"loc":{"start":{"line":104,"column":28},"end":{"line":110,"column":null}}},"6":{"name":"(anonymous_31)","decl":{"start":{"line":107,"column":6},"end":{"line":107,"column":7}},"loc":{"start":{"line":107,"column":34},"end":{"line":107,"column":43}}},"7":{"name":"(anonymous_32)","decl":{"start":{"line":118,"column":2},"end":{"line":118,"column":29}},"loc":{"start":{"line":118,"column":52},"end":{"line":141,"column":3}}},"8":{"name":"(anonymous_33)","decl":{"start":{"line":123,"column":6},"end":{"line":123,"column":7}},"loc":{"start":{"line":123,"column":26},"end":{"line":127,"column":7}}},"9":{"name":"(anonymous_34)","decl":{"start":{"line":133,"column":6},"end":{"line":133,"column":7}},"loc":{"start":{"line":133,"column":26},"end":{"line":136,"column":7}}}},"branchMap":{"0":{"loc":{"start":{"line":35,"column":4},"end":{"line":35,"column":11}},"type":"binary-expr","locations":[{"start":{"line":35,"column":4},"end":{"line":35,"column":11}},{"start":{"line":35,"column":11},"end":{"line":35,"column":null}}]},"1":{"loc":{"start":{"line":105,"column":4},"end":{"line":109,"column":null}},"type":"switch","locations":[{"start":{"line":105,"column":4},"end":{"line":109,"column":null}}]},"2":{"loc":{"start":{"line":107,"column":51},"end":{"line":107,"column":93}},"type":"binary-expr","locations":[{"start":{"line":107,"column":51},"end":{"line":107,"column":93}},{"start":{"line":107,"column":97},"end":{"line":107,"column":99}}]},"3":{"loc":{"start":{"line":124,"column":8},"end":{"line":124,"column":null}},"type":"if","locations":[{"start":{"line":124,"column":8},"end":{"line":124,"column":null}},{"start":{"line":124,"column":8},"end":{"line":124,"column":null}}]}},"s":{"0":1,"1":1,"2":1,"3":1,"4":1,"5":1,"6":1,"7":1,"8":1,"9":1,"10":1,"11":1,"12":1,"13":1,"14":1,"15":1,"16":1,"17":1,"18":1,"19":1,"20":1,"21":1,"22":1,"23":1,"24":1,"25":1,"26":1,"27":1,"28":1,"29":1,"30":1,"31":1,"32":1,"33":1,"34":1,"35":1,"36":2,"37":2,"38":30,"39":30,"40":30,"41":1,"42":2,"43":2,"44":2,"45":2,"46":1,"47":1,"48":1,"49":13,"50":1,"51":1,"52":12,"53":12,"54":1,"55":12,"56":12,"57":1,"58":1,"59":1},"f":{"0":1,"1":1,"2":1,"3":2,"4":30,"5":2,"6":2,"7":1,"8":13,"9":12},"b":{"0":[1,1],"1":[2],"2":[2,0],"3":[1,12]}}
,"/mnt/c/Linux/Projects/solid-css/components/border.ts": {"path":"/mnt/c/Linux/Projects/solid-css/components/border.ts","statementMap":{"0":{"start":{"line":1,"column":0},"end":{"line":1,"column":41}},"1":{"start":{"line":4,"column":13},"end":{"line":35,"column":null}},"2":{"start":{"line":37,"column":15},"end":{"line":37,"column":51}},"3":{"start":{"line":37,"column":47},"end":{"line":37,"column":null}},"4":{"start":{"line":39,"column":0},"end":{"line":39,"column":null}}},"fnMap":{"0":{"name":"(anonymous_1)","decl":{"start":{"line":37,"column":15},"end":{"line":37,"column":16}},"loc":{"start":{"line":37,"column":42},"end":{"line":37,"column":51}}}},"branchMap":{},"s":{"0":1,"1":1,"2":1,"3":1,"4":1},"f":{"0":1},"b":{}}
,"/mnt/c/Linux/Projects/solid-css/components/color.ts": {"path":"/mnt/c/Linux/Projects/solid-css/components/color.ts","statementMap":{"0":{"start":{"line":1,"column":0},"end":{"line":1,"column":41}},"1":{"start":{"line":4,"column":13},"end":{"line":9,"column":null}},"2":{"start":{"line":11,"column":14},"end":{"line":11,"column":50}},"3":{"start":{"line":11,"column":46},"end":{"line":11,"column":null}},"4":{"start":{"line":13,"column":0},"end":{"line":13,"column":null}}},"fnMap":{"0":{"name":"(anonymous_1)","decl":{"start":{"line":11,"column":14},"end":{"line":11,"column":15}},"loc":{"start":{"line":11,"column":41},"end":{"line":11,"column":50}}}},"branchMap":{},"s":{"0":1,"1":1,"2":1,"3":1,"4":1},"f":{"0":1},"b":{}}
,"/mnt/c/Linux/Projects/solid-css/components/container.ts": {"path":"/mnt/c/Linux/Projects/solid-css/components/container.ts","statementMap":{"0":{"start":{"line":1,"column":0},"end":{"line":1,"column":41}},"1":{"start":{"line":3,"column":13},"end":{"line":18,"column":null}},"2":{"start":{"line":20,"column":18},"end":{"line":20,"column":28}},"3":{"start":{"line":20,"column":24},"end":{"line":20,"column":null}},"4":{"start":{"line":22,"column":0},"end":{"line":22,"column":null}}},"fnMap":{"0":{"name":"(anonymous_1)","decl":{"start":{"line":20,"column":18},"end":{"line":20,"column":24}},"loc":{"start":{"line":20,"column":18},"end":{"line":20,"column":28}}}},"branchMap":{},"s":{"0":1,"1":1,"2":1,"3":1,"4":1},"f":{"0":1},"b":{}}
,"/mnt/c/Linux/Projects/solid-css/components/display.ts": {"path":"/mnt/c/Linux/Projects/solid-css/components/display.ts","statementMap":{"0":{"start":{"line":1,"column":0},"end":{"line":1,"column":41}},"1":{"start":{"line":3,"column":13},"end":{"line":14,"column":null}},"2":{"start":{"line":16,"column":16},"end":{"line":16,"column":26}},"3":{"start":{"line":16,"column":22},"end":{"line":16,"column":null}},"4":{"start":{"line":18,"column":0},"end":{"line":18,"column":null}}},"fnMap":{"0":{"name":"(anonymous_1)","decl":{"start":{"line":16,"column":16},"end":{"line":16,"column":22}},"loc":{"start":{"line":16,"column":16},"end":{"line":16,"column":26}}}},"branchMap":{},"s":{"0":1,"1":1,"2":1,"3":1,"4":1},"f":{"0":1},"b":{}}
,"/mnt/c/Linux/Projects/solid-css/components/flex.ts": {"path":"/mnt/c/Linux/Projects/solid-css/components/flex.ts","statementMap":{"0":{"start":{"line":1,"column":0},"end":{"line":1,"column":41}},"1":{"start":{"line":3,"column":13},"end":{"line":25,"column":null}},"2":{"start":{"line":27,"column":13},"end":{"line":27,"column":23}},"3":{"start":{"line":27,"column":19},"end":{"line":27,"column":null}},"4":{"start":{"line":29,"column":0},"end":{"line":29,"column":null}}},"fnMap":{"0":{"name":"(anonymous_1)","decl":{"start":{"line":27,"column":13},"end":{"line":27,"column":19}},"loc":{"start":{"line":27,"column":13},"end":{"line":27,"column":23}}}},"branchMap":{},"s":{"0":1,"1":1,"2":1,"3":1,"4":1},"f":{"0":1},"b":{}}
,"/mnt/c/Linux/Projects/solid-css/components/height.ts": {"path":"/mnt/c/Linux/Projects/solid-css/components/height.ts","statementMap":{"0":{"start":{"line":1,"column":0},"end":{"line":1,"column":41}},"1":{"start":{"line":3,"column":13},"end":{"line":18,"column":null}},"2":{"start":{"line":20,"column":15},"end":{"line":20,"column":25}},"3":{"start":{"line":20,"column":21},"end":{"line":20,"column":null}},"4":{"start":{"line":22,"column":0},"end":{"line":22,"column":null}}},"fnMap":{"0":{"name":"(anonymous_1)","decl":{"start":{"line":20,"column":15},"end":{"line":20,"column":21}},"loc":{"start":{"line":20,"column":15},"end":{"line":20,"column":25}}}},"branchMap":{},"s":{"0":1,"1":1,"2":1,"3":1,"4":1},"f":{"0":1},"b":{}}
,"/mnt/c/Linux/Projects/solid-css/components/margin.ts": {"path":"/mnt/c/Linux/Projects/solid-css/components/margin.ts","statementMap":{"0":{"start":{"line":1,"column":0},"end":{"line":1,"column":41}},"1":{"start":{"line":3,"column":13},"end":{"line":26,"column":null}},"2":{"start":{"line":28,"column":15},"end":{"line":28,"column":25}},"3":{"start":{"line":28,"column":21},"end":{"line":28,"column":null}},"4":{"start":{"line":30,"column":0},"end":{"line":30,"column":null}}},"fnMap":{"0":{"name":"(anonymous_1)","decl":{"start":{"line":28,"column":15},"end":{"line":28,"column":21}},"loc":{"start":{"line":28,"column":15},"end":{"line":28,"column":25}}}},"branchMap":{},"s":{"0":1,"1":1,"2":1,"3":1,"4":1},"f":{"0":1},"b":{}}
,"/mnt/c/Linux/Projects/solid-css/components/opacity.ts": {"path":"/mnt/c/Linux/Projects/solid-css/components/opacity.ts","statementMap":{"0":{"start":{"line":1,"column":0},"end":{"line":1,"column":41}},"1":{"start":{"line":3,"column":13},"end":{"line":7,"column":null}},"2":{"start":{"line":9,"column":16},"end":{"line":9,"column":26}},"3":{"start":{"line":9,"column":22},"end":{"line":9,"column":null}},"4":{"start":{"line":11,"column":0},"end":{"line":11,"column":null}}},"fnMap":{"0":{"name":"(anonymous_1)","decl":{"start":{"line":9,"column":16},"end":{"line":9,"column":22}},"loc":{"start":{"line":9,"column":16},"end":{"line":9,"column":26}}}},"branchMap":{},"s":{"0":1,"1":1,"2":1,"3":1,"4":1},"f":{"0":1},"b":{}}
,"/mnt/c/Linux/Projects/solid-css/components/overflow.ts": {"path":"/mnt/c/Linux/Projects/solid-css/components/overflow.ts","statementMap":{"0":{"start":{"line":1,"column":0},"end":{"line":1,"column":41}},"1":{"start":{"line":3,"column":13},"end":{"line":18,"column":null}},"2":{"start":{"line":20,"column":17},"end":{"line":20,"column":27}},"3":{"start":{"line":20,"column":23},"end":{"line":20,"column":null}},"4":{"start":{"line":22,"column":0},"end":{"line":22,"column":null}}},"fnMap":{"0":{"name":"(anonymous_1)","decl":{"start":{"line":20,"column":17},"end":{"line":20,"column":23}},"loc":{"start":{"line":20,"column":17},"end":{"line":20,"column":27}}}},"branchMap":{},"s":{"0":1,"1":1,"2":1,"3":1,"4":1},"f":{"0":1},"b":{}}
,"/mnt/c/Linux/Projects/solid-css/components/padding.ts": {"path":"/mnt/c/Linux/Projects/solid-css/components/padding.ts","statementMap":{"0":{"start":{"line":1,"column":0},"end":{"line":1,"column":41}},"1":{"start":{"line":3,"column":13},"end":{"line":26,"column":null}},"2":{"start":{"line":28,"column":16},"end":{"line":28,"column":26}},"3":{"start":{"line":28,"column":22},"end":{"line":28,"column":null}},"4":{"start":{"line":30,"column":0},"end":{"line":30,"column":null}}},"fnMap":{"0":{"name":"(anonymous_1)","decl":{"start":{"line":28,"column":16},"end":{"line":28,"column":22}},"loc":{"start":{"line":28,"column":16},"end":{"line":28,"column":26}}}},"branchMap":{},"s":{"0":1,"1":1,"2":1,"3":1,"4":1},"f":{"0":1},"b":{}}
,"/mnt/c/Linux/Projects/solid-css/components/position.ts": {"path":"/mnt/c/Linux/Projects/solid-css/components/position.ts","statementMap":{"0":{"start":{"line":1,"column":0},"end":{"line":1,"column":41}},"1":{"start":{"line":3,"column":13},"end":{"line":29,"column":null}},"2":{"start":{"line":31,"column":17},"end":{"line":31,"column":27}},"3":{"start":{"line":31,"column":23},"end":{"line":31,"column":null}},"4":{"start":{"line":33,"column":0},"end":{"line":33,"column":null}}},"fnMap":{"0":{"name":"(anonymous_1)","decl":{"start":{"line":31,"column":17},"end":{"line":31,"column":23}},"loc":{"start":{"line":31,"column":17},"end":{"line":31,"column":27}}}},"branchMap":{},"s":{"0":1,"1":1,"2":1,"3":1,"4":1},"f":{"0":1},"b":{}}
,"/mnt/c/Linux/Projects/solid-css/components/shadow.ts": {"path":"/mnt/c/Linux/Projects/solid-css/components/shadow.ts","statementMap":{"0":{"start":{"line":1,"column":0},"end":{"line":1,"column":41}},"1":{"start":{"line":4,"column":13},"end":{"line":8,"column":null}},"2":{"start":{"line":10,"column":15},"end":{"line":10,"column":51}},"3":{"start":{"line":10,"column":47},"end":{"line":10,"column":null}},"4":{"start":{"line":12,"column":0},"end":{"line":12,"column":null}}},"fnMap":{"0":{"name":"(anonymous_1)","decl":{"start":{"line":10,"column":15},"end":{"line":10,"column":16}},"loc":{"start":{"line":10,"column":42},"end":{"line":10,"column":51}}}},"branchMap":{},"s":{"0":1,"1":1,"2":1,"3":1,"4":1},"f":{"0":1},"b":{}}
,"/mnt/c/Linux/Projects/solid-css/components/text.ts": {"path":"/mnt/c/Linux/Projects/solid-css/components/text.ts","statementMap":{"0":{"start":{"line":1,"column":0},"end":{"line":1,"column":41}},"1":{"start":{"line":3,"column":13},"end":{"line":19,"column":null}},"2":{"start":{"line":21,"column":13},"end":{"line":21,"column":23}},"3":{"start":{"line":21,"column":19},"end":{"line":21,"column":null}},"4":{"start":{"line":23,"column":0},"end":{"line":23,"column":null}}},"fnMap":{"0":{"name":"(anonymous_1)","decl":{"start":{"line":21,"column":13},"end":{"line":21,"column":19}},"loc":{"start":{"line":21,"column":13},"end":{"line":21,"column":23}}}},"branchMap":{},"s":{"0":1,"1":1,"2":1,"3":1,"4":1},"f":{"0":1},"b":{}}
,"/mnt/c/Linux/Projects/solid-css/components/width.ts": {"path":"/mnt/c/Linux/Projects/solid-css/components/width.ts","statementMap":{"0":{"start":{"line":1,"column":0},"end":{"line":1,"column":41}},"1":{"start":{"line":3,"column":13},"end":{"line":18,"column":null}},"2":{"start":{"line":20,"column":14},"end":{"line":20,"column":24}},"3":{"start":{"line":20,"column":20},"end":{"line":20,"column":null}},"4":{"start":{"line":22,"column":0},"end":{"line":22,"column":null}}},"fnMap":{"0":{"name":"(anonymous_1)","decl":{"start":{"line":20,"column":14},"end":{"line":20,"column":20}},"loc":{"start":{"line":20,"column":14},"end":{"line":20,"column":24}}}},"branchMap":{},"s":{"0":1,"1":1,"2":1,"3":1,"4":1},"f":{"0":1},"b":{}}
,"/mnt/c/Linux/Projects/solid-css/components/zindex.ts": {"path":"/mnt/c/Linux/Projects/solid-css/components/zindex.ts","statementMap":{"0":{"start":{"line":1,"column":0},"end":{"line":1,"column":41}},"1":{"start":{"line":3,"column":13},"end":{"line":7,"column":null}},"2":{"start":{"line":9,"column":15},"end":{"line":9,"column":25}},"3":{"start":{"line":9,"column":21},"end":{"line":9,"column":null}},"4":{"start":{"line":11,"column":0},"end":{"line":11,"column":null}}},"fnMap":{"0":{"name":"(anonymous_1)","decl":{"start":{"line":9,"column":15},"end":{"line":9,"column":21}},"loc":{"start":{"line":9,"column":15},"end":{"line":9,"column":25}}}},"branchMap":{},"s":{"0":1,"1":1,"2":1,"3":1,"4":1},"f":{"0":1},"b":{}}
,"/mnt/c/Linux/Projects/solid-css/libs/component.ts": {"path":"/mnt/c/Linux/Projects/solid-css/libs/component.ts","statementMap":{"0":{"start":{"line":1,"column":0},"end":{"line":1,"column":46}},"1":{"start":{"line":2,"column":0},"end":{"line":2,"column":27}},"2":{"start":{"line":4,"column":0},"end":{"line":4,"column":23}},"3":{"start":{"line":6,"column":0},"end":{"line":6,"column":null}},"4":{"start":{"line":6,"column":24},"end":{"line":6,"column":27}},"5":{"start":{"line":20,"column":47},"end":{"line":20,"column":null}},"6":{"start":{"line":21,"column":4},"end":{"line":21,"column":null}},"7":{"start":{"line":22,"column":4},"end":{"line":22,"column":null}},"8":{"start":{"line":23,"column":4},"end":{"line":23,"column":null}},"9":{"start":{"line":24,"column":4},"end":{"line":24,"column":null}},"10":{"start":{"line":25,"column":4},"end":{"line":25,"column":null}},"11":{"start":{"line":26,"column":4},"end":{"line":26,"column":null}},"12":{"start":{"line":34,"column":2},"end":{"line":44,"column":null}},"13":{"start":{"line":34,"column":2},"end":{"line":34,"column":13}},"14":{"start":{"line":35,"column":4},"end":{"line":43,"column":null}},"15":{"start":{"line":38,"column":8},"end":{"line":38,"column":null}},"16":{"start":{"line":39,"column":8},"end":{"line":39,"column":null}},"17":{"start":{"line":40,"column":8},"end":{"line":40,"column":null}},"18":{"start":{"line":51,"column":2},"end":{"line":71,"column":null}},"19":{"start":{"line":51,"column":2},"end":{"line":51,"column":10}},"20":{"start":{"line":52,"column":15},"end":{"line":52,"column":32}},"21":{"start":{"line":52,"column":30},"end":{"line":52,"column":null}},"22":{"start":{"line":54,"column":4},"end":{"line":70,"column":null}},"23":{"start":{"line":57,"column":8},"end":{"line":65,"column":null}},"24":{"start":{"line":58,"column":10},"end":{"line":64,"column":null}},"25":{"start":{"line":66,"column":8},"end":{"line":66,"column":null}},"26":{"start":{"line":67,"column":8},"end":{"line":67,"column":null}},"27":{"start":{"line":78,"column":2},"end":{"line":90,"column":null}},"28":{"start":{"line":78,"column":2},"end":{"line":78,"column":12}},"29":{"start":{"line":79,"column":4},"end":{"line":89,"column":null}},"30":{"start":{"line":82,"column":8},"end":{"line":85,"column":null}},"31":{"start":{"line":82,"column":32},"end":{"line":82,"column":36}},"32":{"start":{"line":82,"column":38},"end":{"line":82,"column":41}},"33":{"start":{"line":83,"column":10},"end":{"line":83,"column":null}},"34":{"start":{"line":84,"column":10},"end":{"line":84,"column":null}},"35":{"start":{"line":86,"column":8},"end":{"line":86,"column":null}},"36":{"start":{"line":97,"column":2},"end":{"line":116,"column":null}},"37":{"start":{"line":97,"column":2},"end":{"line":97,"column":14}},"38":{"start":{"line":98,"column":4},"end":{"line":115,"column":null}},"39":{"start":{"line":101,"column":8},"end":{"line":111,"column":null}},"40":{"start":{"line":102,"column":10},"end":{"line":110,"column":null}},"41":{"start":{"line":102,"column":34},"end":{"line":102,"column":38}},"42":{"start":{"line":102,"column":40},"end":{"line":102,"column":43}},"43":{"start":{"line":103,"column":12},"end":{"line":108,"column":null}},"44":{"start":{"line":109,"column":12},"end":{"line":109,"column":null}},"45":{"start":{"line":112,"column":8},"end":{"line":112,"column":null}},"46":{"start":{"line":123,"column":2},"end":{"line":132,"column":null}},"47":{"start":{"line":126,"column":4},"end":{"line":126,"column":null}},"48":{"start":{"line":127,"column":4},"end":{"line":127,"column":null}},"49":{"start":{"line":128,"column":4},"end":{"line":128,"column":null}},"50":{"start":{"line":129,"column":4},"end":{"line":129,"column":null}},"51":{"start":{"line":131,"column":4},"end":{"line":131,"column":54}},"52":{"start":{"line":139,"column":2},"end":{"line":146,"column":null}},"53":{"start":{"line":142,"column":4},"end":{"line":142,"column":null}},"54":{"start":{"line":143,"column":4},"end":{"line":143,"column":null}},"55":{"start":{"line":145,"column":4},"end":{"line":145,"column":null}},"56":{"start":{"line":153,"column":2},"end":{"line":155,"column":null}},"57":{"start":{"line":154,"column":4},"end":{"line":154,"column":null}},"58":{"start":{"line":156,"column":0},"end":{"line":156,"column":null}},"59":{"start":{"line":158,"column":0},"end":{"line":158,"column":null}}},"fnMap":{"0":{"name":"(anonymous_9)","decl":{"start":{"line":6,"column":0},"end":{"line":6,"column":24}},"loc":{"start":{"line":6,"column":0},"end":{"line":156,"column":null}}},"1":{"name":"Component","decl":{"start":{"line":20,"column":2},"end":{"line":20,"column":15}},"loc":{"start":{"line":20,"column":78},"end":{"line":27,"column":3}}},"2":{"name":"(anonymous_11)","decl":{"start":{"line":34,"column":2},"end":{"line":34,"column":13}},"loc":{"start":{"line":34,"column":2},"end":{"line":44,"column":3}}},"3":{"name":"(anonymous_12)","decl":{"start":{"line":37,"column":6},"end":{"line":37,"column":7}},"loc":{"start":{"line":37,"column":37},"end":{"line":41,"column":7}}},"4":{"name":"(anonymous_13)","decl":{"start":{"line":51,"column":2},"end":{"line":51,"column":10}},"loc":{"start":{"line":51,"column":2},"end":{"line":71,"column":3}}},"5":{"name":"(anonymous_14)","decl":{"start":{"line":52,"column":15},"end":{"line":52,"column":16}},"loc":{"start":{"line":52,"column":25},"end":{"line":52,"column":32}}},"6":{"name":"(anonymous_15)","decl":{"start":{"line":56,"column":6},"end":{"line":56,"column":7}},"loc":{"start":{"line":56,"column":37},"end":{"line":68,"column":7}}},"7":{"name":"(anonymous_16)","decl":{"start":{"line":57,"column":29},"end":{"line":57,"column":30}},"loc":{"start":{"line":57,"column":50},"end":{"line":65,"column":9}}},"8":{"name":"(anonymous_17)","decl":{"start":{"line":78,"column":2},"end":{"line":78,"column":12}},"loc":{"start":{"line":78,"column":2},"end":{"line":90,"column":3}}},"9":{"name":"(anonymous_18)","decl":{"start":{"line":81,"column":6},"end":{"line":81,"column":7}},"loc":{"start":{"line":81,"column":37},"end":{"line":87,"column":7}}},"10":{"name":"(anonymous_19)","decl":{"start":{"line":82,"column":29},"end":{"line":82,"column":30}},"loc":{"start":{"line":82,"column":43},"end":{"line":85,"column":9}}},"11":{"name":"(anonymous_20)","decl":{"start":{"line":97,"column":2},"end":{"line":97,"column":14}},"loc":{"start":{"line":97,"column":2},"end":{"line":116,"column":3}}},"12":{"name":"(anonymous_21)","decl":{"start":{"line":100,"column":6},"end":{"line":100,"column":7}},"loc":{"start":{"line":100,"column":37},"end":{"line":113,"column":7}}},"13":{"name":"(anonymous_22)","decl":{"start":{"line":101,"column":29},"end":{"line":101,"column":30}},"loc":{"start":{"line":101,"column":50},"end":{"line":111,"column":9}}},"14":{"name":"(anonymous_23)","decl":{"start":{"line":102,"column":31},"end":{"line":102,"column":32}},"loc":{"start":{"line":102,"column":45},"end":{"line":110,"column":11}}},"15":{"name":"(anonymous_24)","decl":{"start":{"line":123,"column":2},"end":{"line":123,"column":10}},"loc":{"start":{"line":123,"column":2},"end":{"line":132,"column":3}}},"16":{"name":"(anonymous_25)","decl":{"start":{"line":139,"column":2},"end":{"line":139,"column":7}},"loc":{"start":{"line":139,"column":2},"end":{"line":146,"column":3}}},"17":{"name":"(anonymous_26)","decl":{"start":{"line":153,"column":2},"end":{"line":153,"column":10}},"loc":{"start":{"line":153,"column":2},"end":{"line":155,"column":3}}}},"branchMap":{"0":{"loc":{"start":{"line":20,"column":47},"end":{"line":20,"column":null}},"type":"if","locations":[{"start":{"line":20,"column":47},"end":{"line":20,"column":null}},{"start":{"line":20,"column":47},"end":{"line":20,"column":null}}]},"1":{"loc":{"start":{"line":21,"column":4},"end":{"line":21,"column":11}},"type":"binary-expr","locations":[{"start":{"line":21,"column":4},"end":{"line":21,"column":11}},{"start":{"line":21,"column":11},"end":{"line":21,"column":null}}]},"2":{"loc":{"start":{"line":52,"column":42},"end":{"line":52,"column":43}},"type":"cond-expr","locations":[{"start":{"line":52,"column":42},"end":{"line":52,"column":43}},{"start":{"line":52,"column":46},"end":{"line":52,"column":59}}]}},"s":{"0":2,"1":2,"2":2,"3":2,"4":2,"5":22,"6":20,"7":20,"8":20,"9":20,"10":20,"11":20,"12":2,"13":64,"14":64,"15":285,"16":285,"17":285,"18":2,"19":64,"20":64,"21":38279,"22":64,"23":379,"24":38279,"25":379,"26":379,"27":2,"28":64,"29":64,"30":13,"31":25,"32":25,"33":25,"34":25,"35":13,"36":2,"37":64,"38":64,"39":1,"40":101,"41":101,"42":101,"43":101,"44":101,"45":1,"46":2,"47":64,"48":64,"49":64,"50":64,"51":64,"52":2,"53":34,"54":34,"55":34,"56":2,"57":30,"58":2,"59":2},"f":{"0":2,"1":20,"2":64,"3":285,"4":64,"5":38279,"6":379,"7":38279,"8":64,"9":13,"10":25,"11":64,"12":1,"13":101,"14":101,"15":64,"16":34,"17":30},"b":{"0":[2,18],"1":[20,20],"2":[379,37900]}}
,"/mnt/c/Linux/Projects/solid-css/libs/css.ts": {"path":"/mnt/c/Linux/Projects/solid-css/libs/css.ts","statementMap":{"0":{"start":{"line":2,"column":0},"end":{"line":2,"column":40}},"1":{"start":{"line":3,"column":0},"end":{"line":3,"column":27}},"2":{"start":{"line":5,"column":0},"end":{"line":5,"column":null}},"3":{"start":{"line":13,"column":15},"end":{"line":18,"column":null}},"4":{"start":{"line":19,"column":4},"end":{"line":19,"column":null}},"5":{"start":{"line":31,"column":9},"end":{"line":33,"column":null}},"6":{"start":{"line":32,"column":4},"end":{"line":32,"column":null}},"7":{"start":{"line":41,"column":9},"end":{"line":43,"column":null}},"8":{"start":{"line":42,"column":4},"end":{"line":42,"column":null}},"9":{"start":{"line":52,"column":2},"end":{"line":73,"column":null}},"10":{"start":{"line":52,"column":2},"end":{"line":52,"column":7}},"11":{"start":{"line":53,"column":4},"end":{"line":72,"column":null}},"12":{"start":{"line":56,"column":8},"end":{"line":68,"column":null}},"13":{"start":{"line":57,"column":33},"end":{"line":57,"column":41}},"14":{"start":{"line":59,"column":10},"end":{"line":59,"column":null}},"15":{"start":{"line":60,"column":10},"end":{"line":60,"column":null}},"16":{"start":{"line":60,"column":42},"end":{"line":60,"column":58}},"17":{"start":{"line":61,"column":10},"end":{"line":61,"column":null}},"18":{"start":{"line":63,"column":10},"end":{"line":63,"column":null}},"19":{"start":{"line":65,"column":10},"end":{"line":67,"column":null}},"20":{"start":{"line":65,"column":35},"end":{"line":65,"column":39}},"21":{"start":{"line":65,"column":41},"end":{"line":65,"column":46}},"22":{"start":{"line":66,"column":12},"end":{"line":66,"column":null}},"23":{"start":{"line":69,"column":8},"end":{"line":69,"column":null}},"24":{"start":{"line":74,"column":0},"end":{"line":74,"column":null}},"25":{"start":{"line":76,"column":0},"end":{"line":76,"column":null}}},"fnMap":{"0":{"name":"(anonymous_1)","decl":{"start":{"line":5,"column":0},"end":{"line":5,"column":null}},"loc":{"start":{"line":5,"column":0},"end":{"line":74,"column":null}}},"1":{"name":"Css","decl":{"start":{"line":13,"column":2},"end":{"line":13,"column":15}},"loc":{"start":{"line":18,"column":3},"end":{"line":20,"column":3}}},"2":{"name":"(anonymous_3)","decl":{"start":{"line":31,"column":2},"end":{"line":31,"column":9}},"loc":{"start":{"line":31,"column":67},"end":{"line":33,"column":3}}},"3":{"name":"(anonymous_4)","decl":{"start":{"line":41,"column":2},"end":{"line":41,"column":9}},"loc":{"start":{"line":41,"column":31},"end":{"line":43,"column":3}}},"4":{"name":"(anonymous_5)","decl":{"start":{"line":52,"column":2},"end":{"line":52,"column":7}},"loc":{"start":{"line":52,"column":44},"end":{"line":73,"column":3}}},"5":{"name":"(anonymous_6)","decl":{"start":{"line":55,"column":6},"end":{"line":55,"column":7}},"loc":{"start":{"line":55,"column":38},"end":{"line":70,"column":7}}},"6":{"name":"(anonymous_7)","decl":{"start":{"line":60,"column":37},"end":{"line":60,"column":38}},"loc":{"start":{"line":60,"column":38},"end":{"line":60,"column":43}}},"7":{"name":"(anonymous_8)","decl":{"start":{"line":65,"column":32},"end":{"line":65,"column":33}},"loc":{"start":{"line":65,"column":48},"end":{"line":67,"column":11}}}},"branchMap":{"0":{"loc":{"start":{"line":13,"column":15},"end":{"line":18,"column":null}},"type":"if","locations":[{"start":{"line":13,"column":15},"end":{"line":18,"column":null}},{"start":{"line":13,"column":15},"end":{"line":18,"column":null}}]},"1":{"loc":{"start":{"line":32,"column":22},"end":{"line":32,"column":57}},"type":"cond-expr","locations":[{"start":{"line":32,"column":22},"end":{"line":32,"column":57}},{"start":{"line":32,"column":60},"end":{"line":32,"column":62}}]},"2":{"loc":{"start":{"line":32,"column":76},"end":{"line":32,"column":83}},"type":"cond-expr","locations":[{"start":{"line":32,"column":76},"end":{"line":32,"column":83}},{"start":{"line":32,"column":86},"end":{"line":32,"column":88}}]},"3":{"loc":{"start":{"line":32,"column":148},"end":{"line":32,"column":151}},"type":"cond-expr","locations":[{"start":{"line":32,"column":148},"end":{"line":32,"column":151}},{"start":{"line":32,"column":154},"end":{"line":32,"column":156}}]},"4":{"loc":{"start":{"line":56,"column":8},"end":{"line":68,"column":null}},"type":"if","locations":[{"start":{"line":56,"column":8},"end":{"line":68,"column":null}},{"start":{"line":56,"column":8},"end":{"line":68,"column":null}}]},"5":{"loc":{"start":{"line":59,"column":18},"end":{"line":59,"column":42}},"type":"binary-expr","locations":[{"start":{"line":59,"column":18},"end":{"line":59,"column":42}},{"start":{"line":59,"column":46},"end":{"line":59,"column":50}}]},"6":{"loc":{"start":{"line":60,"column":19},"end":{"line":60,"column":58}},"type":"binary-expr","locations":[{"start":{"line":60,"column":19},"end":{"line":60,"column":58}},{"start":{"line":60,"column":62},"end":{"line":60,"column":77}}]},"7":{"loc":{"start":{"line":61,"column":21},"end":{"line":61,"column":46}},"type":"cond-expr","locations":[{"start":{"line":61,"column":21},"end":{"line":61,"column":46}},{"start":{"line":61,"column":49},"end":{"line":61,"column":50}}]}},"s":{"0":2,"1":2,"2":2,"3":42,"4":21,"5":2,"6":97752,"7":2,"8":25,"9":2,"10":35,"11":35,"12":19560,"13":12,"14":12,"15":12,"16":14,"17":12,"18":12,"19":19548,"20":97740,"21":97740,"22":97740,"23":19560,"24":2,"25":2},"f":{"0":2,"1":21,"2":97752,"3":25,"4":35,"5":19560,"6":14,"7":97740},"b":{"0":[21,0],"1":[78193,19559],"2":[78193,19559],"3":[78193,19559],"4":[12,19548],"5":[12,0],"6":[12,0],"7":[1,11]}}
,"/mnt/c/Linux/Projects/solid-css/libs/regex.ts": {"path":"/mnt/c/Linux/Projects/solid-css/libs/regex.ts","statementMap":{"0":{"start":{"line":14,"column":21},"end":{"line":25,"column":null}},"1":{"start":{"line":24,"column":24},"end":{"line":24,"column":null}},"2":{"start":{"line":28,"column":0},"end":{"line":28,"column":null}}},"fnMap":{"0":{"name":"(anonymous_0)","decl":{"start":{"line":24,"column":9},"end":{"line":24,"column":10}},"loc":{"start":{"line":24,"column":19},"end":{"line":24,"column":28}}}},"branchMap":{},"s":{"0":2,"1":39,"2":2},"f":{"0":39},"b":{}}
,"/mnt/c/Linux/Projects/solid-css/various/utils.ts": {"path":"/mnt/c/Linux/Projects/solid-css/various/utils.ts","statementMap":{"0":{"start":{"line":1,"column":0},"end":{"line":1,"column":25}},"1":{"start":{"line":2,"column":0},"end":{"line":2,"column":32}},"2":{"start":{"line":3,"column":0},"end":{"line":3,"column":30}},"3":{"start":{"line":4,"column":0},"end":{"line":4,"column":33}},"4":{"start":{"line":9,"column":2},"end":{"line":9,"column":null}},"5":{"start":{"line":11,"column":10},"end":{"line":14,"column":null}},"6":{"start":{"line":11,"column":61},"end":{"line":14,"column":4}},"7":{"start":{"line":12,"column":4},"end":{"line":12,"column":null}},"8":{"start":{"line":13,"column":4},"end":{"line":13,"column":null}},"9":{"start":{"line":11,"column":2},"end":{"line":14,"column":null}},"10":{"start":{"line":16,"column":2},"end":{"line":16,"column":null}},"11":{"start":{"line":16,"column":49},"end":{"line":16,"column":62}},"12":{"start":{"line":18,"column":2},"end":{"line":18,"column":null}},"13":{"start":{"line":24,"column":10},"end":{"line":24,"column":null}},"14":{"start":{"line":24,"column":2},"end":{"line":24,"column":null}},"15":{"start":{"line":25,"column":2},"end":{"line":25,"column":null}},"16":{"start":{"line":27,"column":2},"end":{"line":32,"column":null}},"17":{"start":{"line":28,"column":4},"end":{"line":31,"column":null}},"18":{"start":{"line":29,"column":6},"end":{"line":29,"column":null}},"19":{"start":{"line":30,"column":6},"end":{"line":30,"column":null}},"20":{"start":{"line":34,"column":2},"end":{"line":34,"column":null}},"21":{"start":{"line":21,"column":0},"end":{"line":21,"column":22}},"22":{"start":{"line":38,"column":17},"end":{"line":38,"column":33}},"23":{"start":{"line":40,"column":2},"end":{"line":40,"column":null}},"24":{"start":{"line":40,"column":25},"end":{"line":40,"column":null}},"25":{"start":{"line":41,"column":2},"end":{"line":41,"column":null}},"26":{"start":{"line":41,"column":25},"end":{"line":41,"column":null}},"27":{"start":{"line":42,"column":2},"end":{"line":42,"column":null}},"28":{"start":{"line":42,"column":25},"end":{"line":42,"column":null}},"29":{"start":{"line":43,"column":2},"end":{"line":43,"column":null}},"30":{"start":{"line":43,"column":25},"end":{"line":43,"column":null}},"31":{"start":{"line":45,"column":2},"end":{"line":45,"column":null}},"32":{"start":{"line":45,"column":25},"end":{"line":45,"column":null}},"33":{"start":{"line":46,"column":2},"end":{"line":46,"column":null}},"34":{"start":{"line":46,"column":25},"end":{"line":46,"column":null}},"35":{"start":{"line":47,"column":2},"end":{"line":47,"column":null}},"36":{"start":{"line":47,"column":25},"end":{"line":47,"column":null}},"37":{"start":{"line":48,"column":2},"end":{"line":48,"column":null}},"38":{"start":{"line":48,"column":25},"end":{"line":48,"column":null}},"39":{"start":{"line":50,"column":2},"end":{"line":50,"column":null}},"40":{"start":{"line":37,"column":0},"end":{"line":37,"column":16}},"41":{"start":{"line":53,"column":54},"end":{"line":53,"column":84}},"42":{"start":{"line":53,"column":67},"end":{"line":53,"column":84}},"43":{"start":{"line":53,"column":93},"end":{"line":53,"column":97}},"44":{"start":{"line":53,"column":107},"end":{"line":53,"column":113}},"45":{"start":{"line":53,"column":123},"end":{"line":53,"column":180}},"46":{"start":{"line":53,"column":190},"end":{"line":53,"column":227}},"47":{"start":{"line":53,"column":229},"end":{"line":53,"column":293}},"48":{"start":{"line":53,"column":0},"end":{"line":53,"column":16}}},"fnMap":{"0":{"name":"getFiles","decl":{"start":{"line":6,"column":15},"end":{"line":6,"column":23}},"loc":{"start":{"line":6,"column":37},"end":{"line":19,"column":null}}},"1":{"name":"(anonymous_16)","decl":{"start":{"line":11,"column":40},"end":{"line":11,"column":47}},"loc":{"start":{"line":11,"column":61},"end":{"line":14,"column":4}}},"2":{"name":"(anonymous_17)","decl":{"start":{"line":11,"column":61},"end":{"line":11,"column":null}},"loc":{"start":{"line":11,"column":61},"end":{"line":14,"column":4}}},"3":{"name":"(anonymous_19)","decl":{"start":{"line":16,"column":23},"end":{"line":16,"column":24}},"loc":{"start":{"line":16,"column":44},"end":{"line":16,"column":50}}},"4":{"name":"readFiles","decl":{"start":{"line":21,"column":22},"end":{"line":21,"column":31}},"loc":{"start":{"line":21,"column":45},"end":{"line":35,"column":null}}},"5":{"name":"(anonymous_23)","decl":{"start":{"line":27,"column":17},"end":{"line":27,"column":18}},"loc":{"start":{"line":27,"column":30},"end":{"line":32,"column":3}}},"6":{"name":"orderByQuery","decl":{"start":{"line":37,"column":16},"end":{"line":37,"column":28}},"loc":{"start":{"line":37,"column":50},"end":{"line":51,"column":1}}},"7":{"name":"formatBytes","decl":{"start":{"line":53,"column":16},"end":{"line":53,"column":27}},"loc":{"start":{"line":53,"column":50},"end":{"line":53,"column":294}}}},"branchMap":{"0":{"loc":{"start":{"line":13,"column":51},"end":{"line":13,"column":67}},"type":"cond-expr","locations":[{"start":{"line":13,"column":51},"end":{"line":13,"column":67}},{"start":{"line":13,"column":70},"end":{"line":13,"column":76}}]},"1":{"loc":{"start":{"line":24,"column":10},"end":{"line":24,"column":null}},"type":"switch","locations":[{"start":{"line":24,"column":10},"end":{"line":24,"column":null}}]},"2":{"loc":{"start":{"line":28,"column":4},"end":{"line":31,"column":null}},"type":"if","locations":[{"start":{"line":28,"column":4},"end":{"line":31,"column":null}},{"start":{"line":28,"column":4},"end":{"line":31,"column":null}}]},"3":{"loc":{"start":{"line":40,"column":2},"end":{"line":40,"column":null}},"type":"if","locations":[{"start":{"line":40,"column":2},"end":{"line":40,"column":null}},{"start":{"line":40,"column":2},"end":{"line":40,"column":null}}]},"4":{"loc":{"start":{"line":41,"column":2},"end":{"line":41,"column":null}},"type":"if","locations":[{"start":{"line":41,"column":2},"end":{"line":41,"column":null}},{"start":{"line":41,"column":2},"end":{"line":41,"column":null}}]},"5":{"loc":{"start":{"line":42,"column":2},"end":{"line":42,"column":null}},"type":"if","locations":[{"start":{"line":42,"column":2},"end":{"line":42,"column":null}},{"start":{"line":42,"column":2},"end":{"line":42,"column":null}}]},"6":{"loc":{"start":{"line":43,"column":2},"end":{"line":43,"column":null}},"type":"if","locations":[{"start":{"line":43,"column":2},"end":{"line":43,"column":null}},{"start":{"line":43,"column":2},"end":{"line":43,"column":null}}]},"7":{"loc":{"start":{"line":45,"column":2},"end":{"line":45,"column":null}},"type":"if","locations":[{"start":{"line":45,"column":2},"end":{"line":45,"column":null}},{"start":{"line":45,"column":2},"end":{"line":45,"column":null}}]},"8":{"loc":{"start":{"line":46,"column":2},"end":{"line":46,"column":null}},"type":"if","locations":[{"start":{"line":46,"column":2},"end":{"line":46,"column":null}},{"start":{"line":46,"column":2},"end":{"line":46,"column":null}}]},"9":{"loc":{"start":{"line":47,"column":2},"end":{"line":47,"column":null}},"type":"if","locations":[{"start":{"line":47,"column":2},"end":{"line":47,"column":null}},{"start":{"line":47,"column":2},"end":{"line":47,"column":null}}]},"10":{"loc":{"start":{"line":48,"column":2},"end":{"line":48,"column":null}},"type":"if","locations":[{"start":{"line":48,"column":2},"end":{"line":48,"column":null}},{"start":{"line":48,"column":2},"end":{"line":48,"column":null}}]},"11":{"loc":{"start":{"line":53,"column":54},"end":{"line":53,"column":84}},"type":"if","locations":[{"start":{"line":53,"column":54},"end":{"line":53,"column":84}},{"start":{"line":53,"column":54},"end":{"line":53,"column":84}}]},"12":{"loc":{"start":{"line":53,"column":107},"end":{"line":53,"column":108}},"type":"binary-expr","locations":[{"start":{"line":53,"column":107},"end":{"line":53,"column":108}},{"start":{"line":53,"column":112},"end":{"line":53,"column":113}}]}},"s":{"0":1,"1":1,"2":1,"3":1,"4":2,"5":2,"6":2,"7":2,"8":2,"9":2,"10":2,"11":2,"12":2,"13":2,"14":2,"15":2,"16":2,"17":2,"18":2,"19":2,"20":2,"21":1,"22":12,"23":12,"24":0,"25":12,"26":2,"27":12,"28":0,"29":12,"30":0,"31":12,"32":0,"33":12,"34":0,"35":12,"36":0,"37":12,"38":0,"39":12,"40":1,"41":2,"42":0,"43":2,"44":2,"45":2,"46":2,"47":2,"48":1},"f":{"0":2,"1":2,"2":2,"3":2,"4":2,"5":2,"6":12,"7":2},"b":{"0":[0,2],"1":[2],"2":[2,0],"3":[0,12],"4":[2,10],"5":[0,12],"6":[0,12],"7":[0,12],"8":[0,12],"9":[0,12],"10":[0,12],"11":[0,2],"12":[2,2]}}
}
