TN:
SF:/home/dario/Personal/solid-css/index.ts
FN:24,(anonymous_21)
FN:34,Solid
FN:64,(anonymous_23)
FN:86,(anonymous_26)
FN:89,(anonymous_27)
FN:104,(anonymous_28)
FN:107,(anonymous_31)
FN:118,(anonymous_32)
FN:123,(anonymous_33)
FN:133,(anonymous_34)
FNF:10
FNH:10
FNDA:1,(anonymous_21)
FNDA:1,Solid
FNDA:1,(anonymous_23)
FNDA:2,(anonymous_26)
FNDA:30,(anonymous_27)
FNDA:2,(anonymous_28)
FNDA:2,(anonymous_31)
FNDA:1,(anonymous_32)
FNDA:13,(anonymous_33)
FNDA:12,(anonymous_34)
DA:1,1
DA:2,1
DA:3,1
DA:4,1
DA:5,1
DA:6,1
DA:7,1
DA:8,1
DA:9,1
DA:10,1
DA:11,1
DA:12,1
DA:13,1
DA:14,1
DA:15,1
DA:16,1
DA:19,1
DA:20,1
DA:21,1
DA:22,1
DA:24,1
DA:35,1
DA:36,1
DA:53,1
DA:54,1
DA:64,1
DA:67,1
DA:68,1
DA:69,1
DA:70,1
DA:71,1
DA:76,1
DA:78,1
DA:86,2
DA:87,2
DA:90,30
DA:91,30
DA:92,30
DA:104,1
DA:105,2
DA:106,2
DA:107,2
DA:118,1
DA:121,1
DA:124,13
DA:125,12
DA:126,12
DA:131,1
DA:134,12
DA:135,12
DA:140,1
DA:142,1
DA:144,1
LF:53
LH:53
BRDA:35,0,0,1
BRDA:35,0,1,1
BRDA:105,1,0,2
BRDA:107,2,0,2
BRDA:107,2,1,0
BRDA:124,3,0,1
BRDA:124,3,1,12
BRF:7
BRH:6
end_of_record
TN:
SF:/home/dario/Personal/solid-css/components/border.ts
FN:37,(anonymous_1)
FNF:1
FNH:1
FNDA:1,(anonymous_1)
DA:1,1
DA:4,1
DA:37,1
DA:39,1
LF:4
LH:4
BRF:0
BRH:0
end_of_record
TN:
SF:/home/dario/Personal/solid-css/components/color.ts
FN:11,(anonymous_1)
FNF:1
FNH:1
FNDA:1,(anonymous_1)
DA:1,1
DA:4,1
DA:11,1
DA:13,1
LF:4
LH:4
BRF:0
BRH:0
end_of_record
TN:
SF:/home/dario/Personal/solid-css/components/container.ts
FN:20,(anonymous_1)
FNF:1
FNH:1
FNDA:1,(anonymous_1)
DA:1,1
DA:3,1
DA:20,1
DA:22,1
LF:4
LH:4
BRF:0
BRH:0
end_of_record
TN:
SF:/home/dario/Personal/solid-css/components/display.ts
FN:16,(anonymous_1)
FNF:1
FNH:1
FNDA:1,(anonymous_1)
DA:1,1
DA:3,1
DA:16,1
DA:18,1
LF:4
LH:4
BRF:0
BRH:0
end_of_record
TN:
SF:/home/dario/Personal/solid-css/components/flex.ts
FN:27,(anonymous_1)
FNF:1
FNH:1
FNDA:1,(anonymous_1)
DA:1,1
DA:3,1
DA:27,1
DA:29,1
LF:4
LH:4
BRF:0
BRH:0
end_of_record
TN:
SF:/home/dario/Personal/solid-css/components/height.ts
FN:20,(anonymous_1)
FNF:1
FNH:1
FNDA:1,(anonymous_1)
DA:1,1
DA:3,1
DA:20,1
DA:22,1
LF:4
LH:4
BRF:0
BRH:0
end_of_record
TN:
SF:/home/dario/Personal/solid-css/components/margin.ts
FN:28,(anonymous_1)
FNF:1
FNH:1
FNDA:1,(anonymous_1)
DA:1,1
DA:3,1
DA:28,1
DA:30,1
LF:4
LH:4
BRF:0
BRH:0
end_of_record
TN:
SF:/home/dario/Personal/solid-css/components/opacity.ts
FN:9,(anonymous_1)
FNF:1
FNH:1
FNDA:1,(anonymous_1)
DA:1,1
DA:3,1
DA:9,1
DA:11,1
LF:4
LH:4
BRF:0
BRH:0
end_of_record
TN:
SF:/home/dario/Personal/solid-css/components/overflow.ts
FN:20,(anonymous_1)
FNF:1
FNH:1
FNDA:1,(anonymous_1)
DA:1,1
DA:3,1
DA:20,1
DA:22,1
LF:4
LH:4
BRF:0
BRH:0
end_of_record
TN:
SF:/home/dario/Personal/solid-css/components/padding.ts
FN:28,(anonymous_1)
FNF:1
FNH:1
FNDA:1,(anonymous_1)
DA:1,1
DA:3,1
DA:28,1
DA:30,1
LF:4
LH:4
BRF:0
BRH:0
end_of_record
TN:
SF:/home/dario/Personal/solid-css/components/position.ts
FN:31,(anonymous_1)
FNF:1
FNH:1
FNDA:1,(anonymous_1)
DA:1,1
DA:3,1
DA:31,1
DA:33,1
LF:4
LH:4
BRF:0
BRH:0
end_of_record
TN:
SF:/home/dario/Personal/solid-css/components/shadow.ts
FN:10,(anonymous_1)
FNF:1
FNH:1
FNDA:1,(anonymous_1)
DA:1,1
DA:4,1
DA:10,1
DA:12,1
LF:4
LH:4
BRF:0
BRH:0
end_of_record
TN:
SF:/home/dario/Personal/solid-css/components/text.ts
FN:21,(anonymous_1)
FNF:1
FNH:1
FNDA:1,(anonymous_1)
DA:1,1
DA:3,1
DA:21,1
DA:23,1
LF:4
LH:4
BRF:0
BRH:0
end_of_record
TN:
SF:/home/dario/Personal/solid-css/components/width.ts
FN:20,(anonymous_1)
FNF:1
FNH:1
FNDA:1,(anonymous_1)
DA:1,1
DA:3,1
DA:20,1
DA:22,1
LF:4
LH:4
BRF:0
BRH:0
end_of_record
TN:
SF:/home/dario/Personal/solid-css/components/zindex.ts
FN:9,(anonymous_1)
FNF:1
FNH:1
FNDA:1,(anonymous_1)
DA:1,1
DA:3,1
DA:9,1
DA:11,1
LF:4
LH:4
BRF:0
BRH:0
end_of_record
TN:
SF:/home/dario/Personal/solid-css/libs/component.ts
FN:6,(anonymous_9)
FN:20,Component
FN:34,(anonymous_11)
FN:37,(anonymous_12)
FN:51,(anonymous_13)
FN:52,(anonymous_14)
FN:53,(anonymous_15)
FN:57,(anonymous_16)
FN:58,(anonymous_17)
FN:80,(anonymous_18)
FN:83,(anonymous_19)
FN:84,(anonymous_20)
FN:99,(anonymous_21)
FN:102,(anonymous_22)
FN:103,(anonymous_23)
FN:104,(anonymous_24)
FN:125,(anonymous_25)
FN:141,(anonymous_26)
FN:155,(anonymous_27)
FNF:19
FNH:19
FNDA:2,(anonymous_9)
FNDA:20,Component
FNDA:64,(anonymous_11)
FNDA:285,(anonymous_12)
FNDA:64,(anonymous_13)
FNDA:37875,(anonymous_14)
FNDA:37875,(anonymous_15)
FNDA:375,(anonymous_16)
FNDA:37875,(anonymous_17)
FNDA:64,(anonymous_18)
FNDA:13,(anonymous_19)
FNDA:25,(anonymous_20)
FNDA:64,(anonymous_21)
FNDA:5,(anonymous_22)
FNDA:505,(anonymous_23)
FNDA:909,(anonymous_24)
FNDA:64,(anonymous_25)
FNDA:34,(anonymous_26)
FNDA:30,(anonymous_27)
DA:1,2
DA:2,2
DA:4,2
DA:6,2
DA:20,22
DA:21,20
DA:22,20
DA:23,20
DA:24,20
DA:25,20
DA:26,20
DA:34,64
DA:35,64
DA:38,285
DA:39,285
DA:40,285
DA:51,64
DA:52,37875
DA:53,37875
DA:55,64
DA:58,375
DA:59,37875
DA:68,375
DA:69,375
DA:80,64
DA:81,64
DA:84,25
DA:85,25
DA:86,25
DA:88,13
DA:99,64
DA:100,64
DA:103,5
DA:104,909
DA:105,909
DA:111,909
DA:114,5
DA:125,2
DA:128,64
DA:129,64
DA:130,64
DA:131,64
DA:133,64
DA:141,2
DA:144,34
DA:145,34
DA:147,34
DA:155,2
DA:156,30
DA:158,2
DA:160,2
LF:51
LH:51
BRDA:20,0,0,2
BRDA:20,0,1,18
BRDA:21,1,0,20
BRDA:21,1,1,20
BRDA:52,2,0,375
BRDA:52,2,1,37500
BRF:6
BRH:6
end_of_record
TN:
SF:/home/dario/Personal/solid-css/libs/css.ts
FN:5,(anonymous_1)
FN:13,Css
FN:31,(anonymous_3)
FN:41,(anonymous_4)
FN:52,(anonymous_5)
FN:55,(anonymous_6)
FN:60,(anonymous_7)
FN:65,(anonymous_8)
FNF:8
FNH:8
FNDA:2,(anonymous_1)
FNDA:21,Css
FNDA:98762,(anonymous_3)
FNDA:25,(anonymous_4)
FNDA:35,(anonymous_5)
FNDA:19762,(anonymous_6)
FNDA:14,(anonymous_7)
FNDA:98750,(anonymous_8)
DA:2,2
DA:3,2
DA:5,2
DA:13,42
DA:19,21
DA:31,2
DA:32,98762
DA:41,2
DA:42,25
DA:52,35
DA:53,35
DA:56,19762
DA:57,12
DA:59,12
DA:60,14
DA:61,12
DA:63,12
DA:65,98750
DA:66,98750
DA:69,19762
DA:74,2
DA:76,2
LF:22
LH:22
BRDA:13,0,0,21
BRDA:13,0,1,0
BRDA:32,1,0,79001
BRDA:32,1,1,19761
BRDA:32,2,0,79001
BRDA:32,2,1,19761
BRDA:32,3,0,79001
BRDA:32,3,1,19761
BRDA:56,4,0,12
BRDA:56,4,1,19750
BRDA:59,5,0,12
BRDA:59,5,1,0
BRDA:60,6,0,12
BRDA:60,6,1,0
BRDA:61,7,0,1
BRDA:61,7,1,11
BRF:16
BRH:13
end_of_record
TN:
SF:/home/dario/Personal/solid-css/libs/regex.ts
FN:26,(anonymous_0)
FNF:1
FNH:1
FNDA:39,(anonymous_0)
DA:15,2
DA:26,39
DA:29,2
LF:3
LH:3
BRF:0
BRH:0
end_of_record
TN:
SF:/home/dario/Personal/solid-css/various/utils.ts
FN:6,getFiles
FN:11,(anonymous_16)
FN:11,(anonymous_17)
FN:16,(anonymous_19)
FN:21,readFiles
FN:27,(anonymous_23)
FN:37,orderByQuery
FN:53,formatBytes
FNF:8
FNH:8
FNDA:2,getFiles
FNDA:2,(anonymous_16)
FNDA:2,(anonymous_17)
FNDA:2,(anonymous_19)
FNDA:2,readFiles
FNDA:2,(anonymous_23)
FNDA:27,orderByQuery
FNDA:2,formatBytes
DA:1,1
DA:2,1
DA:3,1
DA:4,1
DA:9,2
DA:11,2
DA:12,2
DA:13,2
DA:16,2
DA:18,2
DA:21,1
DA:24,2
DA:25,2
DA:27,2
DA:28,2
DA:29,2
DA:30,2
DA:34,2
DA:37,1
DA:38,27
DA:40,27
DA:41,27
DA:42,27
DA:43,27
DA:45,27
DA:46,27
DA:47,27
DA:48,27
DA:50,27
DA:53,2
LF:30
LH:30
BRDA:13,0,0,0
BRDA:13,0,1,2
BRDA:24,1,0,2
BRDA:28,2,0,2
BRDA:28,2,1,0
BRDA:40,3,0,0
BRDA:40,3,1,27
BRDA:41,4,0,1
BRDA:41,4,1,26
BRDA:42,5,0,0
BRDA:42,5,1,27
BRDA:43,6,0,0
BRDA:43,6,1,27
BRDA:45,7,0,0
BRDA:45,7,1,27
BRDA:46,8,0,8
BRDA:46,8,1,19
BRDA:47,9,0,0
BRDA:47,9,1,27
BRDA:48,10,0,0
BRDA:48,10,1,27
BRDA:53,11,0,0
BRDA:53,11,1,2
BRDA:53,12,0,2
BRDA:53,12,1,2
BRF:25
BRH:16
end_of_record
