TN:
SF:src/index.ts
FN:35,(anonymous_1)
FN:66,(anonymous_2)
FN:88,(anonymous_3)
FN:91,(anonymous_4)
FN:106,(anonymous_5)
FN:108,(anonymous_6)
FN:109,(anonymous_7)
FN:120,(anonymous_8)
FN:125,(anonymous_9)
FN:138,(anonymous_10)
FNF:10
FNH:10
FNDA:1,(anonymous_1)
FNDA:1,(anonymous_2)
FNDA:2,(anonymous_3)
FNDA:32,(anonymous_4)
FNDA:2,(anonymous_5)
FNDA:2,(anonymous_6)
FNDA:2,(anonymous_7)
FNDA:1,(anonymous_8)
FNDA:13,(anonymous_9)
FNDA:12,(anonymous_10)
DA:1,1
DA:2,1
DA:3,1
DA:4,1
DA:5,1
DA:6,1
DA:7,1
DA:8,1
DA:9,1
DA:10,1
DA:11,1
DA:12,1
DA:13,1
DA:14,1
DA:15,1
DA:16,1
DA:17,1
DA:18,1
DA:20,1
DA:21,1
DA:23,1
DA:36,1
DA:37,1
DA:55,1
DA:56,1
DA:69,1
DA:70,1
DA:71,1
DA:72,1
DA:73,1
DA:78,1
DA:80,1
DA:89,2
DA:92,32
DA:93,32
DA:94,32
DA:107,2
DA:108,2
DA:109,2
DA:123,1
DA:126,13
DA:127,1
DA:128,1
DA:130,12
DA:131,12
DA:136,1
DA:139,12
DA:140,12
DA:145,1
DA:149,1
LF:50
LH:50
BRDA:109,0,0,2
BRDA:109,0,1,0
BRDA:126,1,0,1
BRDA:126,1,1,12
BRF:4
BRH:3
end_of_record
TN:
SF:src/components/border.ts
FN:37,(anonymous_1)
FNF:1
FNH:1
FNDA:1,(anonymous_1)
DA:1,1
DA:4,1
DA:37,1
DA:39,1
LF:4
LH:4
BRF:0
BRH:0
end_of_record
TN:
SF:src/components/color.ts
FN:11,(anonymous_1)
FNF:1
FNH:1
FNDA:1,(anonymous_1)
DA:1,1
DA:4,1
DA:11,1
DA:13,1
LF:4
LH:4
BRF:0
BRH:0
end_of_record
TN:
SF:src/components/container.ts
FN:20,(anonymous_1)
FNF:1
FNH:1
FNDA:1,(anonymous_1)
DA:1,1
DA:3,1
DA:20,1
DA:22,1
LF:4
LH:4
BRF:0
BRH:0
end_of_record
TN:
SF:src/components/display.ts
FN:16,(anonymous_1)
FNF:1
FNH:1
FNDA:1,(anonymous_1)
DA:1,1
DA:3,1
DA:16,1
DA:18,1
LF:4
LH:4
BRF:0
BRH:0
end_of_record
TN:
SF:src/components/flex.ts
FN:29,(anonymous_1)
FNF:1
FNH:1
FNDA:1,(anonymous_1)
DA:1,1
DA:3,1
DA:29,1
DA:31,1
LF:4
LH:4
BRF:0
BRH:0
end_of_record
TN:
SF:src/components/height.ts
FN:20,(anonymous_1)
FNF:1
FNH:1
FNDA:1,(anonymous_1)
DA:1,1
DA:3,1
DA:20,1
DA:22,1
LF:4
LH:4
BRF:0
BRH:0
end_of_record
TN:
SF:src/components/margin.ts
FN:28,(anonymous_1)
FNF:1
FNH:1
FNDA:1,(anonymous_1)
DA:1,1
DA:3,1
DA:28,1
DA:30,1
LF:4
LH:4
BRF:0
BRH:0
end_of_record
TN:
SF:src/components/opacity.ts
FN:9,(anonymous_1)
FNF:1
FNH:1
FNDA:1,(anonymous_1)
DA:1,1
DA:3,1
DA:9,1
DA:11,1
LF:4
LH:4
BRF:0
BRH:0
end_of_record
TN:
SF:src/components/overflow.ts
FN:20,(anonymous_1)
FNF:1
FNH:1
FNDA:1,(anonymous_1)
DA:1,1
DA:3,1
DA:20,1
DA:22,1
LF:4
LH:4
BRF:0
BRH:0
end_of_record
TN:
SF:src/components/padding.ts
FN:28,(anonymous_1)
FNF:1
FNH:1
FNDA:1,(anonymous_1)
DA:1,1
DA:3,1
DA:28,1
DA:30,1
LF:4
LH:4
BRF:0
BRH:0
end_of_record
TN:
SF:src/components/position.ts
FN:31,(anonymous_1)
FNF:1
FNH:1
FNDA:1,(anonymous_1)
DA:1,1
DA:3,1
DA:31,1
DA:33,1
LF:4
LH:4
BRF:0
BRH:0
end_of_record
TN:
SF:src/components/shadow.ts
FN:10,(anonymous_1)
FNF:1
FNH:1
FNDA:1,(anonymous_1)
DA:1,1
DA:4,1
DA:10,1
DA:12,1
LF:4
LH:4
BRF:0
BRH:0
end_of_record
TN:
SF:src/components/text.ts
FN:21,(anonymous_1)
FNF:1
FNH:1
FNDA:1,(anonymous_1)
DA:1,1
DA:3,1
DA:21,1
DA:23,1
LF:4
LH:4
BRF:0
BRH:0
end_of_record
TN:
SF:src/components/width.ts
FN:20,(anonymous_1)
FNF:1
FNH:1
FNDA:1,(anonymous_1)
DA:1,1
DA:3,1
DA:20,1
DA:22,1
LF:4
LH:4
BRF:0
BRH:0
end_of_record
TN:
SF:src/components/willChange.ts
FN:12,(anonymous_1)
FNF:1
FNH:1
FNDA:1,(anonymous_1)
DA:1,1
DA:3,1
DA:12,1
DA:14,1
LF:4
LH:4
BRF:0
BRH:0
end_of_record
TN:
SF:src/components/zindex.ts
FN:9,(anonymous_1)
FNF:1
FNH:1
FNDA:1,(anonymous_1)
DA:1,1
DA:3,1
DA:9,1
DA:11,1
LF:4
LH:4
BRF:0
BRH:0
end_of_record
TN:
SF:src/libs/component.ts
FN:20,(anonymous_1)
FN:34,(anonymous_2)
FN:37,(anonymous_3)
FN:51,(anonymous_4)
FN:52,(anonymous_5)
FN:53,(anonymous_6)
FN:57,(anonymous_7)
FN:58,(anonymous_8)
FN:80,(anonymous_9)
FN:83,(anonymous_10)
FN:84,(anonymous_11)
FN:99,(anonymous_12)
FN:102,(anonymous_13)
FN:103,(anonymous_14)
FN:104,(anonymous_15)
FN:125,(anonymous_16)
FN:141,(anonymous_17)
FN:155,(anonymous_18)
FNF:18
FNH:18
FNDA:16,(anonymous_1)
FNDA:64,(anonymous_2)
FNDA:308,(anonymous_3)
FNDA:64,(anonymous_4)
FNDA:37572,(anonymous_5)
FNDA:37572,(anonymous_6)
FNDA:372,(anonymous_7)
FNDA:37572,(anonymous_8)
FNDA:64,(anonymous_9)
FNDA:12,(anonymous_10)
FNDA:24,(anonymous_11)
FNDA:64,(anonymous_12)
FNDA:4,(anonymous_13)
FNDA:404,(anonymous_14)
FNDA:808,(anonymous_15)
FNDA:64,(anonymous_16)
FNDA:32,(anonymous_17)
FNDA:32,(anonymous_18)
DA:1,1
DA:2,1
DA:4,1
DA:21,16
DA:22,16
DA:23,16
DA:24,16
DA:25,16
DA:26,16
DA:35,64
DA:38,308
DA:39,308
DA:40,308
DA:52,37572
DA:53,37572
DA:55,64
DA:58,372
DA:59,37572
DA:68,372
DA:69,372
DA:81,64
DA:84,12
DA:85,24
DA:86,24
DA:88,12
DA:100,64
DA:103,4
DA:104,404
DA:105,808
DA:111,808
DA:114,4
DA:128,64
DA:129,64
DA:130,64
DA:131,64
DA:133,64
DA:144,32
DA:145,32
DA:147,32
DA:156,32
DA:160,1
LF:41
LH:41
BRDA:20,0,0,0
BRDA:52,1,0,372
BRDA:52,1,1,37200
BRF:3
BRH:2
end_of_record
TN:
SF:src/libs/css.ts
FN:13,(anonymous_1)
FN:31,(anonymous_2)
FN:41,(anonymous_3)
FN:52,(anonymous_4)
FN:55,(anonymous_5)
FN:60,(anonymous_6)
FN:65,(anonymous_7)
FNF:7
FNH:7
FNDA:17,(anonymous_1)
FNDA:96792,(anonymous_2)
FNDA:25,(anonymous_3)
FNDA:33,(anonymous_4)
FNDA:19368,(anonymous_5)
FNDA:14,(anonymous_6)
FNDA:96780,(anonymous_7)
DA:1,1
DA:3,1
DA:19,17
DA:32,96792
DA:42,25
DA:53,33
DA:56,19368
DA:59,12
DA:60,14
DA:61,12
DA:63,12
DA:65,19356
DA:66,96780
DA:69,19368
DA:76,1
LF:15
LH:15
BRDA:13,0,0,17
BRDA:32,1,0,77425
BRDA:32,1,1,19367
BRDA:32,2,0,77425
BRDA:32,2,1,19367
BRDA:32,3,0,77425
BRDA:32,3,1,19367
BRDA:56,4,0,12
BRDA:56,4,1,19356
BRDA:59,5,0,12
BRDA:59,5,1,0
BRDA:60,6,0,12
BRDA:60,6,1,0
BRDA:61,7,0,1
BRDA:61,7,1,11
BRF:15
BRH:13
end_of_record
TN:
SF:src/libs/regex.ts
FN:26,(anonymous_0)
FNF:1
FNH:1
FNDA:39,(anonymous_0)
DA:15,1
DA:26,39
DA:29,1
LF:3
LH:3
BRF:0
BRH:0
end_of_record
TN:
SF:src/various/utils.ts
FN:6,getFiles
FN:12,(anonymous_2)
FN:23,readFiles
FN:29,(anonymous_4)
FN:39,orderByQuery
FN:55,formatBytes
FNF:6
FNH:6
FNDA:2,getFiles
FNDA:2,(anonymous_2)
FNDA:2,readFiles
FNDA:2,(anonymous_4)
FNDA:27,orderByQuery
FNDA:2,formatBytes
DA:1,1
DA:2,1
DA:3,1
DA:4,1
DA:9,2
DA:10,2
DA:12,2
DA:13,2
DA:14,0
DA:16,2
DA:20,2
DA:23,1
DA:26,2
DA:27,2
DA:29,2
DA:30,2
DA:31,2
DA:32,2
DA:36,2
DA:39,1
DA:40,27
DA:42,27
DA:43,27
DA:44,27
DA:45,27
DA:47,27
DA:48,27
DA:49,27
DA:50,27
DA:52,27
DA:55,1
DA:56,2
DA:57,2
DA:58,2
DA:59,2
DA:60,2
DA:61,2
LF:37
LH:36
BRDA:13,0,0,0
BRDA:13,0,1,2
BRDA:30,1,0,2
BRDA:30,1,1,0
BRDA:42,2,0,0
BRDA:42,2,1,27
BRDA:43,3,0,1
BRDA:43,3,1,26
BRDA:44,4,0,0
BRDA:44,4,1,27
BRDA:45,5,0,0
BRDA:45,5,1,27
BRDA:47,6,0,0
BRDA:47,6,1,27
BRDA:48,7,0,8
BRDA:48,7,1,19
BRDA:49,8,0,0
BRDA:49,8,1,27
BRDA:50,9,0,0
BRDA:50,9,1,27
BRDA:56,10,0,0
BRDA:56,10,1,2
BRDA:58,11,0,2
BRDA:58,11,1,2
BRF:24
BRH:15
end_of_record
